[14:29:02.341] [START] log_path=E:\translate\claw\xhs-auto-traffic-v2\_run_all_7_debug.log
[14:29:02.341] ==================================================
[14:29:02.370] 开始跑全部 7 个核心关键词
[14:29:02.742] ========== 开始: 汕尾旅游攻略 ==========
[14:32:32.745] 完成: 汕尾旅游攻略 → 3 条通过
[14:32:32.758] ========== 开始: 汕尾住宿推荐 ==========
[14:33:01.968] 完成: 汕尾住宿推荐 → 0 条通过
[14:33:01.982] ========== 开始: 汕尾美食推荐 ==========
[14:33:59.968] 完成: 汕尾美食推荐 → 0 条通过
[14:33:59.980] ========== 开始: 汕尾去哪吃 ==========
[14:35:39.910] 完成: 汕尾去哪吃 → 0 条通过
[14:35:39.923] ========== 开始: 汕尾去哪住 ==========
[14:37:31.419] 完成: 汕尾去哪住 → 2 条通过
[14:37:31.425] ========== 开始: 汕尾旅游 ==========
[14:38:02.941] 异常: 汕尾旅游 → 小红书登录态失效（未检测到登录用户信息），请扫码登录后重试。
[14:38:02.955] ========== 开始: 汕尾美食 ==========
[14:38:25.418] 完成: 汕尾美食 → 0 条通过
[14:38:25.432] ==================================================
[14:38:25.434] 全部完成，结果汇总：
[14:38:25.436]   汕尾旅游攻略: 3 条 (OK)
[14:38:25.437]   汕尾住宿推荐: 0 条 (OK)
[14:38:25.439]   汕尾美食推荐: 0 条 (OK)
[14:38:25.441]   汕尾去哪吃: 0 条 (OK)
[14:38:25.443]   汕尾去哪住: 2 条 (OK)
[14:38:25.445]   汕尾旅游: 0 条 (异常: 小红书登录态失效（未检测到登录用户信息），请扫码登录后重试。)
[14:38:25.447]   汕尾美食: 0 条 (OK)
[14:38:25.449] 总计通过: 5 条
