Traceback (most recent call last):
  File "E:\translate\claw\xhs-auto-traffic-v2\run_batch.py", line 123, in run_one_keyword
    notes = detail_collector.enrich_all(feeds)
            ^^^^^^^^^^^^^^^^^^^^^^^^^^^^^^^^^^
  File "E:\translate\claw\xhs-auto-traffic-v2\core\note_detail.py", line 142, in enrich_all
    page = self.context.new_page()
           ^^^^^^^^^^^^^^^^^^^^^^^
  File "C:\Users\24994\AppData\Roaming\Python\Python311\site-packages\playwright\sync_api\_generated.py", line 12578, in new_page
    return mapping.from_impl(self._sync(self._impl_obj.new_page()))
                             ^^^^^^^^^^^^^^^^^^^^^^^^^^^^^^^^^^^^^
  File "C:\Users\24994\AppData\Roaming\Python\Python311\site-packages\playwright\_impl\_sync_base.py", line 115, in _sync
    return task.result()
           ^^^^^^^^^^^^^
  File "C:\Users\24994\AppData\Roaming\Python\Python311\site-packages\playwright\_impl\_browser_context.py", line 296, in new_page
    return from_channel(await self._channel.send("newPage"))
                        ^^^^^^^^^^^^^^^^^^^^^^^^^^^^^^^^^^^
  File "C:\Users\24994\AppData\Roaming\Python\Python311\site-packages\playwright\_impl\_connection.py", line 59, in send
    return await self._connection.wrap_api_call(
           ^^^^^^^^^^^^^^^^^^^^^^^^^^^^^^^^^^^^^
  File "C:\Users\24994\AppData\Roaming\Python\Python311\site-packages\playwright\_impl\_connection.py", line 514, in wrap_api_call
    raise rewrite_error(error, f"{parsed_st['apiName']}: {error}") from None
playwright._impl._errors.TargetClosedError: BrowserContext.new_page: Target page, context or browser has been closed
