关键词: 广州到汕尾自驾住哪
分组: longtail
开始时间: 2026-04-30 10:38:54
耗时: 32.6s
超时: 否
成功: 是

=== STDOUT ===
[10:38:24.212] [SearchColl] goto: 小红书首页
[10:38:31.251] [SearchColl] 搜索框已fill: 广州到汕尾自驾住哪
[10:38:31.840] [SearchColl] 按回车触发搜索
[10:38:36.862] [SearchColl] 搜索结果页面加载完成
[10:38:39.902] [SearchColl] 登录检测通过
[10:38:44.920] [SearchColl] 笔记列表出现
[10:38:44.921] [SearchColl] 点击筛选: 最新 + 一周内
[SearchCollector] 筛选完成: 最新 + 一周内
[10:38:51.121] [SearchColl] 开始滚动加载
[ScrollHelper] 滚动 2/8: 当前 18 条
[ScrollHelper] 已达目标 10 条，提前结束
[10:38:53.167] [SearchColl] 滚动加载完成
[10:38:53.167] [SearchColl] 开始提取Feeds
[10:38:53.182] [SearchColl] 提取完成，返回 17 条Feeds
[SearchCollector] 采集完成: 0/17 条（时间+去重后）
[main] 搜索采集完成: 0 条
[main] 无采集结果，退出

=== STDERR ===
