20:06 [广州到汕尾自驾住哪] [INFO] [run_batch] 开始采集 [2/3] [longtail] 广州到汕尾自驾住哪
20:06 [广州到汕尾自驾住哪] [INFO] [run_batch] 采集完成: 16 条 Feeds
20:11 [广州到汕尾自驾住哪] [INFO] [run_batch] enrichment 完成: 16 条（丢弃 0 条不可见帖子）
20:11 [广州到汕尾自驾住哪] [DEBUG] [Detail] PASS 69fda6180000000035029517 Detail (duration=288.4s)
20:11 [广州到汕尾自驾住哪] [DEBUG] [Detail] PASS 69fdae7c000000003501ca48 Detail (duration=288.4s)
20:11 [广州到汕尾自驾住哪] [DEBUG] [Detail] PASS 69fdaaf30000000023015825 Detail (duration=288.4s)
20:11 [广州到汕尾自驾住哪] [DEBUG] [Detail] PASS 69fda9a30000000023004e44 Detail (duration=288.4s)
20:11 [广州到汕尾自驾住哪] [DEBUG] [Detail] PASS 69fda964000000003501e96a Detail (duration=288.4s)
20:11 [广州到汕尾自驾住哪] [DEBUG] [Detail] PASS 69fda9190000000022025dcf Detail (duration=288.5s)
20:11 [广州到汕尾自驾住哪] [DEBUG] [Detail] PASS 69fda8850000000022025a85 Detail (duration=288.5s)
20:11 [广州到汕尾自驾住哪] [DEBUG] [Detail] PASS 69fda45600000000350289eb Detail (duration=288.5s)
20:11 [广州到汕尾自驾住哪] [DEBUG] [Detail] PASS 69fda426000000003501c6db Detail (duration=288.5s)
20:11 [广州到汕尾自驾住哪] [DEBUG] [Detail] PASS 69fda07c00000000230058d0 Detail (duration=288.5s)
20:11 [广州到汕尾自驾住哪] [DEBUG] [Detail] PASS 69fda04f0000000035026d27 Detail (duration=288.5s)
20:11 [广州到汕尾自驾住哪] [DEBUG] [Detail] PASS 69fd9ffd000000003503064a Detail (duration=288.5s)
20:11 [广州到汕尾自驾住哪] [DEBUG] [Detail] PASS 69fd93e0000000001f002540 Detail (duration=288.5s)
20:11 [广州到汕尾自驾住哪] [DEBUG] [Detail] PASS 69fd5042000000003601da64 Detail (duration=288.5s)
20:11 [广州到汕尾自驾住哪] [DEBUG] [Detail] PASS 69fd9128000000003501d516 Detail (duration=288.5s)
20:11 [广州到汕尾自驾住哪] [DEBUG] [Detail] PASS 69fd8e00000000003603194c Detail (duration=288.5s)
20:11 [广州到汕尾自驾住哪] [DEBUG] [Filter] FAIL 69fda6180000000035029517 Filter 找搭子/旅游同伴 (duration=288.5s)
20:11 [广州到汕尾自驾住哪] [DEBUG] [Filter] FAIL 69fdae7c000000003501ca48 Filter 商家账号 (duration=288.5s)
20:11 [广州到汕尾自驾住哪] [DEBUG] [Filter] FAIL 69fdaaf30000000023015825 Filter 纯分享攻略贴 (duration=288.5s)
20:11 [广州到汕尾自驾住哪] [DEBUG] [Filter] FAIL 69fda9a30000000023004e44 Filter 无明确需求 (duration=288.5s)
20:11 [广州到汕尾自驾住哪] [DEBUG] [Filter] FAIL 69fda964000000003501e96a Filter 非目标地域 (duration=288.5s)
20:11 [广州到汕尾自驾住哪] [DEBUG] [Filter] FAIL 69fda9190000000022025dcf Filter 广告:封神 (duration=288.5s)
20:11 [广州到汕尾自驾住哪] [DEBUG] [Filter] FAIL 69fda8850000000022025a85 Filter 纯分享攻略贴 (duration=288.5s)
20:11 [广州到汕尾自驾住哪] [DEBUG] [Filter] FAIL 69fda45600000000350289eb Filter 非目标地域 (duration=288.5s)
20:11 [广州到汕尾自驾住哪] [DEBUG] [Filter] FAIL 69fda426000000003501c6db Filter 纯分享攻略贴 (duration=288.5s)
20:11 [广州到汕尾自驾住哪] [DEBUG] [Filter] FAIL 69fda07c00000000230058d0 Filter 非目标地域 (duration=288.5s)
20:11 [广州到汕尾自驾住哪] [DEBUG] [Filter] FAIL 69fda04f0000000035026d27 Filter 纯分享攻略贴 (duration=288.6s)
20:11 [广州到汕尾自驾住哪] [DEBUG] [Filter] FAIL 69fd9ffd000000003503064a Filter 非目标地域 (duration=288.6s)
20:11 [广州到汕尾自驾住哪] [DEBUG] [Filter] FAIL 69fd93e0000000001f002540 Filter 纯分享攻略贴 (duration=288.6s)
20:11 [广州到汕尾自驾住哪] [DEBUG] [Filter] FAIL 69fd5042000000003601da64 Filter 非目标地域 (duration=288.6s)
20:11 [广州到汕尾自驾住哪] [DEBUG] [Filter] FAIL 69fd9128000000003501d516 Filter 非目标地域 (duration=288.6s)
20:11 [广州到汕尾自驾住哪] [DEBUG] [Filter] FAIL 69fd8e00000000003603194c Filter 纯分享攻略贴 (duration=288.6s)
20:11 [广州到汕尾自驾住哪] [INFO] [run_batch] 筛选完成: 0/16 条通过
20:11 [广州到汕尾自驾住哪] [INFO] [run_batch] 复查完成: 0 条终审通过
20:11 [广州到汕尾自驾住哪] [INFO] [run_batch] ✅ 完成，耗时 288.6s
20:11 [广州到汕尾自驾住哪] [INFO] [run_batch] 休息 5s...
