关键词: 广州到汕尾自驾住哪
分组: longtail
开始时间: 2026-05-01 02:56:32
耗时: 32.4s
超时: 否
成功: 否

=== STDOUT ===
[02:56:01.968] [SearchColl] goto: 小红书首页
[02:56:08.568] [SearchColl] 搜索框已fill: 广州到汕尾自驾住哪
[02:56:09.129] [SearchColl] 按回车触发搜索
[02:56:14.152] [SearchColl] 搜索结果页面加载完成
[02:56:17.206] [SearchColl] 登录检测通过
[02:56:22.225] [SearchColl] 笔记列表出现
[02:56:22.226] [SearchColl] 点击筛选: 最新 + 一周内
[SearchCollector] 筛选完成: 最新 + 一周内
[02:56:28.287] [SearchColl] 开始滚动加载
[ScrollHelper] 滚动 2/8: 当前 18 条
[ScrollHelper] 已达目标 10 条，提前结束
[02:56:30.335] [SearchColl] 滚动加载完成
[02:56:30.336] [SearchColl] 开始提取Feeds
[02:56:30.354] [SearchColl] 提取完成，返回 17 条Feeds

=== STDERR ===
Traceback (most recent call last):
  File "E:\translate\claw\xhs-auto-traffic-v2\main.py", line 161, in <module>
    main()
  File "E:\translate\claw\xhs-auto-traffic-v2\main.py", line 157, in main
    run_collect(args.keyword, args.limit, headless=headless)
  File "E:\translate\claw\xhs-auto-traffic-v2\main.py", line 31, in run_collect
    feeds = collector.collect(keyword, limit=limit)
            ^^^^^^^^^^^^^^^^^^^^^^^^^^^^^^^^^^^^^^^
  File "E:\translate\claw\xhs-auto-traffic-v2\core\search_collector.py", line 300, in collect
    filtered = self._apply_light_filter(feeds)
               ^^^^^^^^^^^^^^^^^^^^^^^^^^^^^^^
  File "E:\translate\claw\xhs-auto-traffic-v2\core\search_collector.py", line 370, in _apply_light_filter
    pub_dt = parse_published_at(feed.time_text)
             ^^^^^^^^^^^^^^^^^^^^^^^^^^^^^^^^^^
  File "E:\translate\claw\xhs-auto-traffic-v2\utils\parse.py", line 72, in parse_published_at
    return now.replace(day=now.day - days, hour=0, minute=0, second=0, microsecond=0)
           ^^^^^^^^^^^^^^^^^^^^^^^^^^^^^^^^^^^^^^^^^^^^^^^^^^^^^^^^^^^^^^^^^^^^^^^^^^
ValueError: day is out of range for month
