关键词: 汕尾住宿推荐
分组: core
开始时间: 2026-04-30 10:36:09
耗时: 31.5s
超时: 否
成功: 是

=== STDOUT ===
[10:35:39.641] [SearchColl] goto: 小红书首页
[10:35:45.799] [SearchColl] 搜索框已fill: 汕尾住宿推荐
[10:35:46.339] [SearchColl] 按回车触发搜索
[10:35:51.360] [SearchColl] 搜索结果页面加载完成
[10:35:54.574] [SearchColl] 登录检测通过
[10:35:59.592] [SearchColl] 笔记列表出现
[10:35:59.593] [SearchColl] 点击筛选: 最新 + 一周内
[SearchCollector] 筛选完成: 最新 + 一周内
[10:36:05.636] [SearchColl] 开始滚动加载
[ScrollHelper] 滚动 2/8: 当前 18 条
[ScrollHelper] 已达目标 10 条，提前结束
[10:36:07.681] [SearchColl] 滚动加载完成
[10:36:07.681] [SearchColl] 开始提取Feeds
[10:36:07.696] [SearchColl] 提取完成，返回 16 条Feeds
[SearchCollector] 采集完成: 0/16 条（时间+去重后）
[main] 搜索采集完成: 0 条
[main] 无采集结果，退出

=== STDERR ===
