00:00 [汕尾红海湾民宿] [INFO] [run_batch] 启动 Playwright Browser
00:00 [汕尾红海湾民宿] [INFO] [run_batch] Browser 启动成功，开始采集
00:00 [汕尾红海湾民宿] [INFO] [run_batch] 开始采集 [1/3] [longtail] 汕尾红海湾民宿
00:01 [汕尾红海湾民宿] [INFO] [run_batch] 采集完成: 10 条 Feeds
19:00 [汕尾红海湾民宿] [INFO] [run_batch] 启动 Playwright Browser
19:00 [汕尾红海湾民宿] [INFO] [run_batch] Browser 启动成功，开始采集
19:00 [汕尾红海湾民宿] [INFO] [run_batch] 开始采集 [1/3] [longtail] 汕尾红海湾民宿
19:00 [汕尾红海湾民宿] [INFO] [run_batch] 采集完成: 9 条 Feeds
19:02 [汕尾红海湾民宿] [INFO] [run_batch] enrichment 完成: 9 条（丢弃 0 条不可见帖子）
19:02 [汕尾红海湾民宿] [DEBUG] [Detail] PASS 69fc5ea30000000035031f5d Detail (duration=158.3s)
19:02 [汕尾红海湾民宿] [DEBUG] [Detail] PASS 69fc57c600000000360181a1 Detail (duration=158.3s)
19:02 [汕尾红海湾民宿] [DEBUG] [Detail] PASS 69fc554c000000001b021f11 Detail (duration=158.3s)
19:02 [汕尾红海湾民宿] [DEBUG] [Detail] PASS 69fc5278000000001a03753e Detail (duration=158.3s)
19:02 [汕尾红海湾民宿] [DEBUG] [Detail] PASS 69fc4d89000000002301ef02 Detail (duration=158.3s)
19:02 [汕尾红海湾民宿] [DEBUG] [Detail] PASS 69fc42320000000035022296 Detail (duration=158.3s)
19:02 [汕尾红海湾民宿] [DEBUG] [Detail] PASS 69fc40e3000000001a02cd99 Detail (duration=158.3s)
19:02 [汕尾红海湾民宿] [DEBUG] [Detail] PASS 69fc3a170000000023015bcd Detail (duration=158.3s)
19:02 [汕尾红海湾民宿] [DEBUG] [Detail] PASS 69fc32ec0000000035028c10 Detail (duration=158.3s)
19:02 [汕尾红海湾民宿] [DEBUG] [Filter] FAIL 69fc5ea30000000035031f5d Filter 纯分享攻略贴 (duration=158.4s)
19:02 [汕尾红海湾民宿] [DEBUG] [Filter] FAIL 69fc57c600000000360181a1 Filter 商家账号 (duration=158.4s)
19:02 [汕尾红海湾民宿] [DEBUG] [Filter] FAIL 69fc554c000000001b021f11 Filter 商家账号 (duration=158.4s)
19:02 [汕尾红海湾民宿] [DEBUG] [Filter] FAIL 69fc5278000000001a03753e Filter 找搭子/旅游同伴 (duration=158.4s)
19:02 [汕尾红海湾民宿] [DEBUG] [Filter] FAIL 69fc4d89000000002301ef02 Filter 纯分享攻略贴 (duration=158.4s)
19:02 [汕尾红海湾民宿] [DEBUG] [Filter] FAIL 69fc42320000000035022296 Filter 纯分享攻略贴 (duration=158.4s)
19:02 [汕尾红海湾民宿] [DEBUG] [Filter] FAIL 69fc40e3000000001a02cd99 Filter 纯分享攻略贴 (duration=158.4s)
19:02 [汕尾红海湾民宿] [DEBUG] [Filter] FAIL 69fc3a170000000023015bcd Filter 找搭子/旅游同伴 (duration=158.4s)
19:02 [汕尾红海湾民宿] [DEBUG] [Filter] FAIL 69fc32ec0000000035028c10 Filter 无明确需求 (duration=158.5s)
19:02 [汕尾红海湾民宿] [INFO] [run_batch] 筛选完成: 0/9 条通过
19:02 [汕尾红海湾民宿] [INFO] [run_batch] 复查完成: 0 条终审通过
19:02 [汕尾红海湾民宿] [INFO] [run_batch] ✅ 完成，耗时 158.5s
19:02 [汕尾红海湾民宿] [INFO] [run_batch] 休息 5s...
20:14 [汕尾红海湾民宿] [INFO] [run_batch] 启动 Playwright Browser
20:14 [汕尾红海湾民宿] [INFO] [run_batch] Browser 启动成功，开始采集
20:14 [汕尾红海湾民宿] [INFO] [run_batch] 开始采集 [1/3] [longtail] 汕尾红海湾民宿
20:14 [汕尾红海湾民宿] [INFO] [run_batch] 采集完成: 9 条 Feeds
20:17 [汕尾红海湾民宿] [INFO] [run_batch] enrichment 完成: 9 条（丢弃 0 条不可见帖子）
20:17 [汕尾红海湾民宿] [DEBUG] [Detail] PASS 69fc2d41000000003701eac1 Detail (duration=162.2s)
20:17 [汕尾红海湾民宿] [DEBUG] [Detail] PASS 69f71b8a000000003502b390 Detail (duration=162.3s)
20:17 [汕尾红海湾民宿] [DEBUG] [Detail] PASS 69fbec4900000000350267c8 Detail (duration=162.3s)
20:17 [汕尾红海湾民宿] [DEBUG] [Detail] PASS 69fb54760000000036002b69 Detail (duration=162.3s)
20:17 [汕尾红海湾民宿] [DEBUG] [Detail] PASS 69fb57f0000000001e00ede1 Detail (duration=162.3s)
20:17 [汕尾红海湾民宿] [DEBUG] [Detail] PASS 69fb5269000000001f00177c Detail (duration=162.3s)
20:17 [汕尾红海湾民宿] [DEBUG] [Detail] PASS 69fb46ac000000003502e950 Detail (duration=162.3s)
20:17 [汕尾红海湾民宿] [DEBUG] [Detail] PASS 69fb3a45000000001b023973 Detail (duration=162.3s)
20:17 [汕尾红海湾民宿] [DEBUG] [Detail] PASS 69fb39a2000000001f0013bc Detail (duration=162.3s)
20:17 [汕尾红海湾民宿] [DEBUG] [Filter] FAIL 69fc2d41000000003701eac1 Filter 民宿商家推广 (duration=162.3s)
20:17 [汕尾红海湾民宿] [DEBUG] [Filter] FAIL 69f71b8a000000003502b390 Filter 无明确需求 (duration=162.3s)
20:17 [汕尾红海湾民宿] [DEBUG] [Filter] PASS 69fbec4900000000350267c8 Filter (reasons=ask)
20:17 [汕尾红海湾民宿] [DEBUG] [Filter] FAIL 69fb54760000000036002b69 Filter 无明确需求 (duration=162.4s)
20:17 [汕尾红海湾民宿] [DEBUG] [Filter] FAIL 69fb57f0000000001e00ede1 Filter 非目标地域 (duration=162.4s)
20:17 [汕尾红海湾民宿] [DEBUG] [Filter] FAIL 69fb5269000000001f00177c Filter 商家账号 (duration=162.4s)
20:17 [汕尾红海湾民宿] [DEBUG] [Filter] FAIL 69fb46ac000000003502e950 Filter 无明确需求 (duration=162.4s)
20:17 [汕尾红海湾民宿] [DEBUG] [Filter] FAIL 69fb3a45000000001b023973 Filter 无明确需求 (duration=162.4s)
20:17 [汕尾红海湾民宿] [DEBUG] [Filter] FAIL 69fb39a2000000001f0013bc Filter 非目标地域 (duration=162.4s)
20:17 [汕尾红海湾民宿] [INFO] [run_batch] 筛选完成: 1/9 条通过
20:17 [汕尾红海湾民宿] [DEBUG] [Review] PASS 69fbec4900000000350267c8 Review
20:17 [汕尾红海湾民宿] [INFO] [run_batch] 复查完成: 1 条终审通过
20:17 [汕尾红海湾民宿] [INFO] [run_batch] 飞书写入完成
20:17 [汕尾红海湾民宿] [INFO] [run_batch] ✅ 完成，耗时 165.3s
20:17 [汕尾红海湾民宿] [INFO] [run_batch] 休息 5s...
