20:20 [汕尾2天1晚行程] [INFO] [run_batch] 启动 Playwright Browser
20:20 [汕尾2天1晚行程] [INFO] [run_batch] Browser 启动成功，开始采集
20:20 [汕尾2天1晚行程] [INFO] [run_batch] 开始采集 [1/3] [longtail] 汕尾2天1晚行程
20:21 [汕尾2天1晚行程] [INFO] [run_batch] 采集完成: 11 条 Feeds
20:24 [汕尾2天1晚行程] [INFO] [run_batch] enrichment 完成: 11 条（丢弃 0 条不可见帖子）
20:24 [汕尾2天1晚行程] [DEBUG] [Detail] PASS 69fdd48a000000001a034d2e Detail (duration=214.2s)
20:24 [汕尾2天1晚行程] [DEBUG] [Detail] PASS 69fdd2b2000000003700ef7f Detail (duration=214.2s)
20:24 [汕尾2天1晚行程] [DEBUG] [Detail] PASS 69fdd243000000003700eccf Detail (duration=214.3s)
20:24 [汕尾2天1晚行程] [DEBUG] [Detail] PASS 69fdd23e000000003501deea Detail (duration=214.3s)
20:24 [汕尾2天1晚行程] [DEBUG] [Detail] PASS 69fdd158000000001f006e98 Detail (duration=214.3s)
20:24 [汕尾2天1晚行程] [DEBUG] [Detail] PASS 69fdcfc50000000023005de2 Detail (duration=214.3s)
20:24 [汕尾2天1晚行程] [DEBUG] [Detail] PASS 69fdd060000000002003a84d Detail (duration=214.3s)
20:24 [汕尾2天1晚行程] [DEBUG] [Detail] PASS 69fdcfa50000000038023d5a Detail (duration=214.3s)
20:24 [汕尾2天1晚行程] [DEBUG] [Detail] PASS 69fdcd5100000000350205a3 Detail (duration=214.3s)
20:24 [汕尾2天1晚行程] [DEBUG] [Detail] PASS 69fdcc2300000000220289f3 Detail (duration=214.3s)
20:24 [汕尾2天1晚行程] [DEBUG] [Detail] PASS 69fdc9a1000000002003850c Detail (duration=214.3s)
20:24 [汕尾2天1晚行程] [DEBUG] [Filter] FAIL 69fdd48a000000001a034d2e Filter 非目标地域 (duration=214.3s)
20:24 [汕尾2天1晚行程] [DEBUG] [Filter] FAIL 69fdd2b2000000003700ef7f Filter 非目标地域 (duration=214.3s)
20:24 [汕尾2天1晚行程] [DEBUG] [Filter] FAIL 69fdd243000000003700eccf Filter 非目标地域 (duration=214.3s)
20:24 [汕尾2天1晚行程] [DEBUG] [Filter] FAIL 69fdd23e000000003501deea Filter 非目标地域 (duration=214.3s)
20:24 [汕尾2天1晚行程] [DEBUG] [Filter] FAIL 69fdd158000000001f006e98 Filter 非目标地域 (duration=214.3s)
20:24 [汕尾2天1晚行程] [DEBUG] [Filter] FAIL 69fdcfc50000000023005de2 Filter 非目标地域 (duration=214.3s)
20:24 [汕尾2天1晚行程] [DEBUG] [Filter] FAIL 69fdd060000000002003a84d Filter 非目标地域 (duration=214.3s)
20:24 [汕尾2天1晚行程] [DEBUG] [Filter] FAIL 69fdcfa50000000038023d5a Filter 非目标地域 (duration=214.3s)
20:24 [汕尾2天1晚行程] [DEBUG] [Filter] FAIL 69fdcd5100000000350205a3 Filter 非目标地域 (duration=214.3s)
20:24 [汕尾2天1晚行程] [DEBUG] [Filter] FAIL 69fdcc2300000000220289f3 Filter 非目标地域 (duration=214.3s)
20:24 [汕尾2天1晚行程] [DEBUG] [Filter] FAIL 69fdc9a1000000002003850c Filter 非目标地域 (duration=214.3s)
20:24 [汕尾2天1晚行程] [INFO] [run_batch] 筛选完成: 0/11 条通过
20:24 [汕尾2天1晚行程] [INFO] [run_batch] 复查完成: 0 条终审通过
20:24 [汕尾2天1晚行程] [INFO] [run_batch] ✅ 完成，耗时 214.3s
20:24 [汕尾2天1晚行程] [INFO] [run_batch] 休息 5s...
