19:02 [汕尾红海湾攻略] [INFO] [run_batch] 开始采集 [2/3] [longtail] 汕尾红海湾攻略
19:03 [汕尾红海湾攻略] [INFO] [run_batch] 采集完成: 10 条 Feeds
19:06 [汕尾红海湾攻略] [INFO] [run_batch] enrichment 完成: 10 条（丢弃 0 条不可见帖子）
19:06 [汕尾红海湾攻略] [DEBUG] [Detail] PASS 69f72fe5000000003502a8cb Detail (duration=205.9s)
19:06 [汕尾红海湾攻略] [DEBUG] [Detail] PASS 69fdb687000000001a036f6c Detail (duration=205.9s)
19:06 [汕尾红海湾攻略] [DEBUG] [Detail] PASS 69fdb5e9000000003601dc7e Detail (duration=205.9s)
19:06 [汕尾红海湾攻略] [DEBUG] [Detail] PASS 69fdb359000000003502fa77 Detail (duration=205.9s)
19:06 [汕尾红海湾攻略] [DEBUG] [Detail] PASS 69fda9b90000000036002f1d Detail (duration=206.0s)
19:06 [汕尾红海湾攻略] [DEBUG] [Detail] PASS 69fd9300000000003802099f Detail (duration=206.0s)
19:06 [汕尾红海湾攻略] [DEBUG] [Detail] PASS 69fd8ccf000000003700c34b Detail (duration=206.0s)
19:06 [汕尾红海湾攻略] [DEBUG] [Detail] PASS 69fd8897000000001f002a81 Detail (duration=206.0s)
19:06 [汕尾红海湾攻略] [DEBUG] [Detail] PASS 69fb5a07000000003501c309 Detail (duration=206.0s)
19:06 [汕尾红海湾攻略] [DEBUG] [Detail] PASS 69fd6bfa00000000360019d9 Detail (duration=206.0s)
19:06 [汕尾红海湾攻略] [DEBUG] [Filter] FAIL 69f72fe5000000003502a8cb Filter 无明确需求 (duration=206.0s)
19:06 [汕尾红海湾攻略] [DEBUG] [Filter] FAIL 69fdb687000000001a036f6c Filter 找搭子/旅游同伴 (duration=206.0s)
19:06 [汕尾红海湾攻略] [DEBUG] [Filter] FAIL 69fdb5e9000000003601dc7e Filter 找搭子/旅游同伴 (duration=206.0s)
19:06 [汕尾红海湾攻略] [DEBUG] [Filter] FAIL 69fdb359000000003502fa77 Filter 纯分享攻略贴 (duration=206.0s)
19:06 [汕尾红海湾攻略] [DEBUG] [Filter] FAIL 69fda9b90000000036002f1d Filter 找搭子/旅游同伴 (duration=206.0s)
19:06 [汕尾红海湾攻略] [DEBUG] [Filter] FAIL 69fd9300000000003802099f Filter 找搭子/旅游同伴 (duration=206.0s)
19:06 [汕尾红海湾攻略] [DEBUG] [Filter] FAIL 69fd8ccf000000003700c34b Filter 找搭子/旅游同伴 (duration=206.0s)
19:06 [汕尾红海湾攻略] [DEBUG] [Filter] FAIL 69fd8897000000001f002a81 Filter 找搭子/旅游同伴 (duration=206.0s)
19:06 [汕尾红海湾攻略] [DEBUG] [Filter] FAIL 69fb5a07000000003501c309 Filter 非目标地域 (duration=206.0s)
19:06 [汕尾红海湾攻略] [DEBUG] [Filter] FAIL 69fd6bfa00000000360019d9 Filter 纯分享攻略贴 (duration=206.1s)
19:06 [汕尾红海湾攻略] [INFO] [run_batch] 筛选完成: 0/10 条通过
19:06 [汕尾红海湾攻略] [INFO] [run_batch] 复查完成: 0 条终审通过
19:06 [汕尾红海湾攻略] [INFO] [run_batch] ✅ 完成，耗时 206.1s
19:06 [汕尾红海湾攻略] [INFO] [run_batch] 休息 5s...
20:17 [汕尾红海湾攻略] [INFO] [run_batch] 开始采集 [2/3] [longtail] 汕尾红海湾攻略
20:17 [汕尾红海湾攻略] [INFO] [run_batch] 采集完成: 1 条 Feeds
20:17 [汕尾红海湾攻略] [INFO] [run_batch] enrichment 完成: 1 条（丢弃 0 条不可见帖子）
20:17 [汕尾红海湾攻略] [DEBUG] [Detail] PASS 69f87a5d000000001f006389 Detail (duration=43.9s)
20:17 [汕尾红海湾攻略] [DEBUG] [Filter] FAIL 69f87a5d000000001f006389 Filter 无明确需求 (duration=44.0s)
20:17 [汕尾红海湾攻略] [INFO] [run_batch] 筛选完成: 0/1 条通过
20:17 [汕尾红海湾攻略] [INFO] [run_batch] 复查完成: 0 条终审通过
20:17 [汕尾红海湾攻略] [INFO] [run_batch] ✅ 完成，耗时 44.0s
20:17 [汕尾红海湾攻略] [INFO] [run_batch] 休息 5s...
