19:48 [汕尾旅游] [INFO] [run_batch] 开始采集 [3/3] [core] 汕尾旅游
19:48 [汕尾旅游] [INFO] [run_batch] 采集完成: 3 条 Feeds
18:51 [汕尾旅游] [INFO] [run_batch] enrichment 完成: 3 条（丢弃 0 条不可见帖子）
18:51 [汕尾旅游] [DEBUG] [Detail] PASS 69f712b4000000003501f4e6 Detail (duration=-3382.7s)
18:51 [汕尾旅游] [DEBUG] [Detail] PASS 69f6f26d000000002301e71c Detail (duration=-3382.7s)
18:51 [汕尾旅游] [DEBUG] [Detail] PASS 69f6008b000000003502449c Detail (duration=-3382.6s)
18:51 [汕尾旅游] [DEBUG] [Filter] FAIL 69f712b4000000003501f4e6 Filter 无明确需求 (duration=-3382.6s)
18:51 [汕尾旅游] [DEBUG] [Filter] FAIL 69f6f26d000000002301e71c Filter 无明确需求 (duration=-3382.6s)
18:51 [汕尾旅游] [DEBUG] [Filter] FAIL 69f6008b000000003502449c Filter 无明确需求 (duration=-3382.6s)
18:51 [汕尾旅游] [INFO] [run_batch] 筛选完成: 0/3 条通过
18:51 [汕尾旅游] [INFO] [run_batch] 复查完成: 0 条终审通过
18:51 [汕尾旅游] [INFO] [run_batch] ✅ 完成，耗时 -3382.6s
21:24 [汕尾旅游] [INFO] [run_batch] 开始采集 [3/3] [core] 汕尾旅游
21:25 [汕尾旅游] [INFO] [run_batch] 采集完成: 4 条 Feeds
21:26 [汕尾旅游] [INFO] [run_batch] enrichment 完成: 4 条（丢弃 0 条不可见帖子）
21:26 [汕尾旅游] [DEBUG] [Detail] PASS 69fddb630000000035038b79 Detail (duration=90.4s)
21:26 [汕尾旅游] [DEBUG] [Detail] PASS 69fd6ae9000000003701f4db Detail (duration=90.4s)
21:26 [汕尾旅游] [DEBUG] [Detail] PASS 69fcda39000000003502c2a5 Detail (duration=90.4s)
21:26 [汕尾旅游] [DEBUG] [Detail] PASS 69f6a3590000000035026929 Detail (duration=90.4s)
21:26 [汕尾旅游] [DEBUG] [Filter] FAIL 69fddb630000000035038b79 Filter 找搭子/旅游同伴 (duration=90.4s)
21:26 [汕尾旅游] [DEBUG] [Filter] FAIL 69fd6ae9000000003701f4db Filter 无明确需求 (duration=90.4s)
21:26 [汕尾旅游] [DEBUG] [Filter] FAIL 69fcda39000000003502c2a5 Filter 找搭子/旅游同伴 (duration=90.4s)
21:26 [汕尾旅游] [DEBUG] [Filter] FAIL 69f6a3590000000035026929 Filter 无明确需求 (duration=90.5s)
21:26 [汕尾旅游] [INFO] [run_batch] 筛选完成: 0/4 条通过
21:26 [汕尾旅游] [INFO] [run_batch] 复查完成: 0 条终审通过
21:26 [汕尾旅游] [INFO] [run_batch] ✅ 完成，耗时 90.5s
