12:21 [汕尾旅游攻略] [INFO] [run_batch] 启动 Playwright Browser
12:21 [汕尾旅游攻略] [INFO] [run_batch] Browser 启动成功，开始采集
12:21 [汕尾旅游攻略] [INFO] [run_batch] 开始采集 [1/3] [core] 汕尾旅游攻略
12:22 [汕尾旅游攻略] [INFO] [run_batch] 采集完成: 11 条 Feeds
12:28 [汕尾旅游攻略] [INFO] [run_batch] enrichment 完成: 11 条（丢弃 0 条不可见帖子）
12:28 [汕尾旅游攻略] [DEBUG] [Detail] PASS 69fa0721000000001a02ed12 Detail (duration=415.9s)
12:28 [汕尾旅游攻略] [DEBUG] [Detail] PASS 69faa64a00000000350339b5 Detail (duration=415.9s)
12:28 [汕尾旅游攻略] [DEBUG] [Detail] PASS 69f85748000000001a036e73 Detail (duration=415.9s)
12:28 [汕尾旅游攻略] [DEBUG] [Detail] PASS 69fac0b00000000038035457 Detail (duration=416.0s)
12:28 [汕尾旅游攻略] [DEBUG] [Detail] PASS 69fabc6e000000003700c785 Detail (duration=416.0s)
12:28 [汕尾旅游攻略] [DEBUG] [Detail] PASS 69faba730000000035038338 Detail (duration=416.0s)
12:28 [汕尾旅游攻略] [DEBUG] [Detail] PASS 69fab4200000000036019bda Detail (duration=416.0s)
12:28 [汕尾旅游攻略] [DEBUG] [Detail] PASS 69fab3720000000036002f25 Detail (duration=416.0s)
12:28 [汕尾旅游攻略] [DEBUG] [Detail] FAIL 69fab2c2000000001f0031a4 Detail 内容为空 (duration=416.0s)
12:28 [汕尾旅游攻略] [DEBUG] [Detail] PASS 69faaf5c0000000023004b1e Detail (duration=416.0s)
12:28 [汕尾旅游攻略] [DEBUG] [Detail] PASS 69faaeba0000000035025091 Detail (duration=416.0s)
12:28 [汕尾旅游攻略] [DEBUG] [Filter] FAIL 69fa0721000000001a02ed12 Filter 非目标地域 (duration=416.0s)
12:28 [汕尾旅游攻略] [DEBUG] [Filter] FAIL 69faa64a00000000350339b5 Filter 无明确需求 (duration=416.0s)
12:28 [汕尾旅游攻略] [DEBUG] [Filter] FAIL 69f85748000000001a036e73 Filter 无明确需求 (duration=416.0s)
12:28 [汕尾旅游攻略] [DEBUG] [Filter] FAIL 69fac0b00000000038035457 Filter 纯分享攻略贴 (duration=416.1s)
12:28 [汕尾旅游攻略] [DEBUG] [Filter] FAIL 69fabc6e000000003700c785 Filter 纯分享攻略贴 (duration=416.1s)
12:28 [汕尾旅游攻略] [DEBUG] [Filter] FAIL 69faba730000000035038338 Filter 非目标地域 (duration=416.1s)
12:28 [汕尾旅游攻略] [DEBUG] [Filter] FAIL 69fab4200000000036019bda Filter 非目标地域 (duration=416.1s)
12:28 [汕尾旅游攻略] [DEBUG] [Filter] FAIL 69fab3720000000036002f25 Filter 无明确需求 (duration=416.1s)
12:28 [汕尾旅游攻略] [DEBUG] [Filter] FAIL 69fab2c2000000001f0031a4 Filter 非目标地域 (duration=416.1s)
12:28 [汕尾旅游攻略] [DEBUG] [Filter] FAIL 69faaf5c0000000023004b1e Filter 纯分享攻略贴 (duration=416.1s)
12:28 [汕尾旅游攻略] [DEBUG] [Filter] FAIL 69faaeba0000000035025091 Filter 无明确需求 (duration=416.2s)
12:28 [汕尾旅游攻略] [INFO] [run_batch] 筛选完成: 0/11 条通过
12:28 [汕尾旅游攻略] [INFO] [run_batch] 复查完成: 0 条终审通过
12:28 [汕尾旅游攻略] [INFO] [run_batch] ✅ 完成，耗时 416.2s
12:28 [汕尾旅游攻略] [INFO] [run_batch] 休息 5s...
