关键词: 汕尾周末去哪玩
分组: longtail
开始时间: 2026-04-30 10:39:09
耗时: 97.4s
超时: 否
成功: 是

=== STDOUT ===
[10:37:33.587] [SearchColl] goto: https://www.xiaohongshu.com/search_result?keyword=汕尾周末去哪玩&type=51
[10:37:36.318] [SearchColl] 页面加载完成
[10:37:39.390] [SearchColl] 登录检测通过
[10:37:44.579] [SearchColl] 笔记列表出现
[10:37:44.580] [SearchColl] 点击筛选: 最新 + 一周内
[SearchCollector] 筛选完成: 最新 + 一周内
[10:37:50.410] [SearchColl] 开始滚动加载
[ScrollHelper] 滚动 2/8: 当前 18 条
[ScrollHelper] 已达目标 10 条，提前结束
[10:37:52.556] [SearchColl] 滚动加载完成
[10:37:52.557] [SearchColl] 开始提取Feeds
[10:37:52.572] [SearchColl] 提取完成，返回 17 条Feeds
[SearchCollector] 采集完成: 6/17 条（时间+去重后）
[main] 搜索采集完成: 6 条
[10:37:52.591] [NoteDetail] 创建 NoteDetailCollector
[10:37:52.593] [NoteDetail] enrich_all 开始，共 6 条
[10:37:52.679] [NoteDetail] 处理笔记 1/6: 69f0773e000000003501dff1
[Detail] [1/6] /search_result/69f0773e000000003501dff1?xsec_token=AB8iUZ9FG...
[10:37:52.680] [NoteDetail]   goto: https://www.xiaohongshu.com/search_result/69f0773e000000003501dff1?xsec_token=AB
[10:37:53.654] [NoteDetail]   page.goto 完成
[10:37:54.872] [NoteDetail]   wait_for_selector 完成
[10:37:56.875] [NoteDetail]   开始提取详情
[10:37:56.889] [NoteDetail]   提取完成 content_len=69
[Detail] WARN: 正文仅为 hashtag（笔记可能无法访问），用搜索页标题降级
[Detail] OK: 汕尾海上古堡最美拍照📸机位，太喜欢了...
[10:38:00.095] [NoteDetail]   Page 已关闭
[10:38:00.197] [NoteDetail] 处理笔记 2/6: 69f04625000000002003ad2c
[Detail] [2/6] /search_result/69f04625000000002003ad2c?xsec_token=AB8iUZ9FG...
[10:38:00.198] [NoteDetail]   goto: https://www.xiaohongshu.com/search_result/69f04625000000002003ad2c?xsec_token=AB
[10:38:01.132] [NoteDetail]   page.goto 完成
[10:38:02.468] [NoteDetail]   wait_for_selector 完成
[10:38:04.469] [NoteDetail]   开始提取详情
[10:38:04.482] [NoteDetail]   提取完成 content_len=681
[Detail] OK: #第六站汕尾 两天一夜
📍行程
𝘿𝙖𝙮 𝟭：中午抵达汕尾→牛...
[10:38:08.903] [NoteDetail]   Page 已关闭
[10:38:08.997] [NoteDetail] 处理笔记 3/6: 69ec7de10000000023007d1b
[Detail] [3/6] /search_result/69ec7de10000000023007d1b?xsec_token=ABVf4fdSa...
[10:38:08.997] [NoteDetail]   goto: https://www.xiaohongshu.com/search_result/69ec7de10000000023007d1b?xsec_token=AB
[10:38:12.339] [NoteDetail]   page.goto 完成
[10:38:13.923] [NoteDetail]   wait_for_selector 完成
[10:38:15.924] [NoteDetail]   开始提取详情
[10:38:15.938] [NoteDetail]   提取完成 content_len=759
[Detail] OK: 去潮汕旅游，最后一天没有安排，拍脑袋决定从潮州去汕尾
🚄9点...
[10:38:19.725] [NoteDetail]   Page 已关闭
[10:38:19.827] [NoteDetail] 处理笔记 4/6: 69ec4426000000003601df7d
[Detail] [4/6] /search_result/69ec4426000000003601df7d?xsec_token=ABVf4fdSa...
[10:38:19.827] [NoteDetail]   goto: https://www.xiaohongshu.com/search_result/69ec4426000000003601df7d?xsec_token=AB
[10:38:20.819] [NoteDetail]   page.goto 完成
[10:38:22.123] [NoteDetail]   wait_for_selector 完成
[10:38:24.124] [NoteDetail]   开始提取详情
[10:38:24.140] [NoteDetail]   提取完成 content_len=204
[Detail] OK: 当我带了ccd去汕尾
当我不再追求网红的海边穿搭
	
忙里偷...
[10:38:28.469] [NoteDetail]   Page 已关闭
[10:38:28.583] [NoteDetail] 处理笔记 5/6: 69f37e0400000000360192b7
[Detail] [5/6] /search_result/69f37e0400000000360192b7?xsec_token=ABaqDJdw0...
[10:38:28.584] [NoteDetail]   goto: https://www.xiaohongshu.com/search_result/69f37e0400000000360192b7?xsec_token=AB
[10:38:29.478] [NoteDetail]   page.goto 完成
[10:38:30.638] [NoteDetail]   wait_for_selector 完成
[10:38:32.640] [NoteDetail]   开始提取详情
[10:38:32.653] [NoteDetail]   提取完成 content_len=191
[Detail] OK: 🔥本地私企&体制内｜周末专属吃喝玩乐搭子群
拒绝周末独居，拒...
[Detail] 已采集 5 条，暂停 15s
[10:38:52.561] [NoteDetail]   Page 已关闭
[10:38:52.677] [NoteDetail] 处理笔记 6/6: 69ef392f000000003501c77c
[Detail] [6/6] /search_result/69ef392f000000003501c77c?xsec_token=ABO6-Khbl...
[10:38:52.678] [NoteDetail]   goto: https://www.xiaohongshu.com/search_result/69ef392f000000003501c77c?xsec_token=AB
[10:38:53.612] [NoteDetail]   page.goto 完成
[10:38:54.913] [NoteDetail]   wait_for_selector 完成
[10:38:56.914] [NoteDetail]   开始提取详情
[10:38:56.930] [NoteDetail]   提取完成 content_len=330
[Detail] OK: #假期去哪玩
	
在广东玩玻璃水
韶关碧水潭去了
韶关山秋朴...
[10:39:01.604] [NoteDetail]   Page 已关闭
[10:39:01.617] [NoteDetail] enrich_all 完成，返回 6 条
[main] enrichment 完成: 6 条
[main] 筛选完成: 3 条通过
[FeishuOutput] 待写入 3 条
[Feishu] 当前表格已有 39 条记录
[Feishu] [69ec7de10000000023007d1b] 写入成功: 珠三角周末逃离计划｜汕尾一日游很值得
[Feishu] [69ec4426000000003601df7d] 写入成功: 风吹起我的裙角，汕尾的海风多逍遥
[Feishu] [69ef392f000000003501c77c] 写入成功: 广东溯溪玩水点汇总
[Feishu] 完成: 写入 3，跳过 0，失败 0
[FeishuOutput] 写入完成: 写入 3，跳过 0，失败 0
[main] 飞书写入完成: 3 条

=== STDERR ===
