关键词: 汕尾亲子游
分组: longtail
开始时间: 2026-04-30 11:06:33
耗时: 40.0s
超时: 否
成功: 否

=== STDOUT ===
[11:05:55.720] [SearchColl] goto: 小红书首页
[11:06:30.926] [SearchColl] 未找到搜索框，改用直接访问: ElementHandle.click: Timeout 30000ms exceeded.
Call log:
attempting click action
  -   waiting for element to be visible, enabled and stable
  -   element is visible, enabled and stable
  -   scrolling into view if needed
  -   done scrolling
  -   <input value="" type="text" id="search-input" data-hp-bound="1" spellcheck="false" autocomplete="off" data-v-57548470="" placeholder="搜索小红书" class="search-input"/> intercepts pointer events
  - retrying click action, attempt #1
  -   waiting for element to be visible, enabled and stable
  -   element is visible, enabled and stable
  -   scrolling into view if needed
  -   done scrolling
  -   <input value="" type="text" id="search-input" data-hp-bound="1" spellcheck="false" autocomplete="off" data-v-57548470="" placeholder="搜索小红书" class="search-input"/> intercepts pointer events
  - retrying click action, attempt #2
  -   waiting 20ms
  -   waiting for element to be visible, enabled and stable
  -   element is visible, enabled and stable
  -   scrolling into view if needed
  -   done scrolling
  -   <input value="" type="text" id="search-input" data-hp-bound="1" spellcheck="false" autocomplete="off" data-v-57548470="" placeholder="搜索小红书" class="search-input"/> intercepts pointer events
  - retrying click action, attempt #3
  -   waiting 100ms
  -   waiting for element to be visible, enabled and stable
  -   element is visible, enabled and stable
  -   scrolling into view if needed
  -   done scrolling
  -   <input value="" type="text" id="search-input" data-hp-bound="1" spellcheck="false" autocomplete="off" data-v-57548470="" placeholder="搜索小红书" class="search-input"/> intercepts pointer events
  - retrying click action, attempt #4
  -   waiting 100ms
  -   waiting for element to be visible, enabled and stable
  -   element is visible, enabled and stable
  -   scrolling into view if needed
  -   done scrolling
  -   <input value="" type="text" id="search-input" data-hp-bound="1" spellcheck="false" autocomplete="off" data-v-57548470="" placeholder="搜索小红书" class="search-input"/> intercepts pointer events
  - retrying click action, attempt #5
  -   waiting 500ms
  -   waiting for element to be visible, enabled and stable
  -   element is visible, enabled and stable
  -   scrolling into view if needed
  -   done scrolling
  -   <input value="" type="text" id="search-input" data-hp-bound="1" spellcheck="false" autocomplete="off" data-v-57548470="" placeholder="搜索小红书" class="search-input"/> intercepts pointer events
  - retrying click action, attempt #6
  -   waiting 500ms
  -   waiting for element to be visible, enabled and stable
  -   element is visible, enabled and stable
  -   scrolling into view if needed
  -   done scrolling
  -   <input value="" type="text" id="search-input" data-hp-bound="1" spellcheck="false" autocomplete="off" data-v-57548470="" placeholder="搜索小红书" class="search-input"/> intercepts pointer events
  - retrying click action, attempt #7
  -   waiting 500ms
  -   waiting for element to be visible, enabled and stable
  -   element is visible, enabled and stable
  -   scrolling into view if needed
  -   done scrolling
  -   <input value="" type="text" id="search-input" data-hp-bound="1" spellcheck="false" autocomplete="off" data-v-57548470="" placeholder="搜索小红书" class="search-input"/> intercepts pointer events
  - retrying click action, attempt #8
  -   waiting 500ms
  -   waiting for element to be visible, enabled and stable
  -   element is visible, enabled and stable
  -   scrolling into view if needed
  -   done scrolling
  -   <input value="" type="text" id="search-input" data-hp-bound="1" spellcheck="false" autocomplete="off" data-v-57548470="" placeholder="搜索小红书" class="search-input"/> intercepts pointer events
  - retrying click action, attempt #9
  -   waiting 500ms
  -   waiting for element to be visible, enabled and stable
  -   element is visible, enabled and stable
  -   scrolling into view if needed
  -   done scrolling
  -   <input value="" type="text" id="search-input" data-hp-bound="1" spellcheck="false" autocomplete="off" data-v-57548470="" placeholder="搜索小红书" class="search-input"/> intercepts pointer events
  - retrying click action, attempt #10
  -   waiting 500ms
  -   waiting for element to be visible, enabled and stable
  -   element is visible, enabled and stable
  -   scrolling into view if needed
  -   done scrolling
  -   <input value="" type="text" id="search-input" data-hp-bound="1" spellcheck="false" autocomplete="off" data-v-57548470="" placeholder="搜索小红书" class="search-input"/> intercepts pointer events
  - retrying click action, attempt #11
  -   waiting 500ms
  -   waiting for element to be visible, enabled and stable
  -   element is visible, enabled and stable
  -   scrolling into view if needed
  -   done scrolling
  -   <input value="" type="text" id="search-input" data-hp-bound="1" spellcheck="false" autocomplete="off" data-v-57548470="" placeholder="搜索小红书" class="search-input"/> intercepts pointer events
  - retrying click action, attempt #12
  -   waiting 500ms
  -   waiting for element to be visible, enabled and stable
  -   element is visible, enabled and stable
  -   scrolling into view if needed
  -   done scrolling
  -   <input value="" type="text" id="search-input" data-hp-bound="1" spellcheck="false" autocomplete="off" data-v-57548470="" placeholder="搜索小红书" class="search-input"/> intercepts pointer events
  - retrying click action, attempt #13
  -   waiting 500ms
  -   waiting for element to be visible, enabled and stable
  -   element is visible, enabled and stable
  -   scrolling into view if needed
  -   done scrolling
  -   <input value="" type="text" id="search-input" data-hp-bound="1" spellcheck="false" autocomplete="off" data-v-57548470="" placeholder="搜索小红书" class="search-input"/> intercepts pointer events
  - retrying click action, attempt #14
  -   waiting 500ms
  -   waiting for element to be visible, enabled and stable
  -   element is visible, enabled and stable
  -   scrolling into view if needed
  -   done scrolling
  -   <input value="" type="text" id="search-input" data-hp-bound="1" spellcheck="false" autocomplete="off" data-v-57548470="" placeholder="搜索小红书" class="search-input"/> intercepts pointer events
  - retrying click action, attempt #15
  -   waiting 500ms
  -   waiting for element to be visible, enabled and stable
  -   element is visible, enabled and stable
  -   scrolling into view if needed
  -   done scrolling
  -   <input value="" type="text" id="search-input" data-hp-bound="1" spellcheck="false" autocomplete="off" data-v-57548470="" placeholder="搜索小红书" class="search-input"/> intercepts pointer events
  - retrying click action, attempt #16
  -   waiting 500ms
  -   waiting for element to be visible, enabled and stable
  -   element is visible, enabled and stable
  -   scrolling into view if needed
  -   done scrolling
  -   <input value="" type="text" id="search-input" data-hp-bound="1" spellcheck="false" autocomplete="off" data-v-57548470="" placeholder="搜索小红书" class="search-input"/> intercepts pointer events
  - retrying click action, attempt #17
  -   waiting 500ms
  -   waiting for element to be visible, enabled and stable
  -   element is visible, enabled and stable
  -   scrolling into view if needed
  -   done scrolling
  -   <input value="" type="text" id="search-input" data-hp-bound="1" spellcheck="false" autocomplete="off" data-v-57548470="" placeholder="搜索小红书" class="search-input"/> intercepts pointer events
  - retrying click action, attempt #18
  -   waiting 500ms
  -   waiting for element to be visible, enabled and stable
  -   element is visible, enabled and stable
  -   scrolling into view if needed
  -   done scrolling
  -   <input value="" type="text" id="search-input" data-hp-bound="1" spellcheck="false" autocomplete="off" data-v-57548470="" placeholder="搜索小红书" class="search-input"/> intercepts pointer events
  - retrying click action, attempt #19
  -   waiting 500ms
  -   waiting for element to be visible, enabled and stable
  -   element is visible, enabled and stable
  -   scrolling into view if needed
  -   done scrolling
  -   <input value="" type="text" id="search-input" data-hp-bound="1" spellcheck="false" autocomplete="off" data-v-57548470="" placeholder="搜索小红书" class="search-input"/> intercepts pointer events
  - retrying click action, attempt #20
  -   waiting 500ms
  -   waiting for element to be visible, enabled and stable
  -   element is visible, enabled and stable
  -   scrolling into view if needed
  -   done scrolling
  -   <input value="" type="text" id="search-input" data-hp-bound="1" spellcheck="false" autocomplete="off" data-v-57548470="" placeholder="搜索小红书" class="search-input"/> intercepts pointer events
  - retrying click action, attempt #21
  -   waiting 500ms
  -   waiting for element to be visible, enabled and stable
  -   element is visible, enabled and stable
  -   scrolling into view if needed
  -   done scrolling
  -   <input value="" type="text" id="search-input" data-hp-bound="1" spellcheck="false" autocomplete="off" data-v-57548470="" placeholder="搜索小红书" class="search-input"/> intercepts pointer events
  - retrying click action, attempt #22
  -   waiting 500ms
  -   waiting for element to be visible, enabled and stable
  -   element is visible, enabled and stable
  -   scrolling into view if needed
  -   done scrolling
  -   <input value="" type="text" id="search-input" data-hp-bound="1" spellcheck="false" autocomplete="off" data-v-57548470="" placeholder="搜索小红书" class="search-input"/> intercepts pointer events
  - retrying click action, attempt #23
  -   waiting 500ms
  -   waiting for element to be visible, enabled and stable
  -   element is visible, enabled and stable
  -   scrolling into view if needed
  -   done scrolling
  -   <input value="" type="text" id="search-input" data-hp-bound="1" spellcheck="false" autocomplete="off" data-v-57548470="" placeholder="搜索小红书" class="search-input"/> intercepts pointer events
  - retrying click action, attempt #24
  -   waiting 500ms
  -   waiting for element to be visible, enabled and stable
  -   element is visible, enabled and stable
  -   scrolling into view if needed
  -   done scrolling
  -   <input value="" type="text" id="search-input" data-hp-bound="1" spellcheck="false" autocomplete="off" data-v-57548470="" placeholder="搜索小红书" class="search-input"/> intercepts pointer events
  - retrying click action, attempt #25
  -   waiting 500ms
  -   waiting for element to be visible, enabled and stable
  -   element is visible, enabled and stable
  -   scrolling into view if needed
  -   done scrolling
  -   <input value="" type="text" id="search-input" data-hp-bound="1" spellcheck="false" autocomplete="off" data-v-57548470="" placeholder="搜索小红书" class="search-input"/> intercepts pointer events
  - retrying click action, attempt #26
  -   waiting 500ms
  -   waiting for element to be visible, enabled and stable
  -   element is visible, enabled and stable
  -   scrolling into view if needed
  -   done scrolling
  -   <input value="" type="text" id="search-input" data-hp-bound="1" spellcheck="false" autocomplete="off" data-v-57548470="" placeholder="搜索小红书" class="search-input"/> intercepts pointer events
  - retrying click action, attempt #27
  -   waiting 500ms
  -   waiting for element to be visible, enabled and stable
  -   element is visible, enabled and stable
  -   scrolling into view if needed
  -   done scrolling
  -   <input value="" type="text" id="search-input" data-hp-bound="1" spellcheck="false" autocomplete="off" data-v-57548470="" placeholder="搜索小红书" class="search-input"/> intercepts pointer events
  - retrying click action, attempt #28
  -   waiting 500ms
  -   waiting for element to be visible, enabled and stable
  -   element is visible, enabled and stable
  -   scrolling into view if needed
  -   done scrolling
  -   <input value="" type="text" id="search-input" data-hp-bound="1" spellcheck="false" autocomplete="off" data-v-57548470="" placeholder="搜索小红书" class="search-input"/> intercepts pointer events
  - retrying click action, attempt #29
  -   waiting 500ms
  -   waiting for element to be visible, enabled and stable
  -   element is visible, enabled and stable
  -   scrolling into view if needed
  -   done scrolling
  -   <input value="" type="text" id="search-input" data-hp-bound="1" spellcheck="false" autocomplete="off" data-v-57548470="" placeholder="搜索小红书" class="search-input"/> intercepts pointer events
  - retrying click action, attempt #30
  -   waiting 500ms
  -   waiting for element to be visible, enabled and stable
  -   element is visible, enabled and stable
  -   scrolling into view if needed
  -   done scrolling
  -   <input value="" type="text" id="search-input" data-hp-bound="1" spellcheck="false" autocomplete="off" data-v-57548470="" placeholder="搜索小红书" class="search-input"/> intercepts pointer events
  - retrying click action, attempt #31
  -   waiting 500ms
  -   waiting for element to be visible, enabled and stable
  -   element is visible, enabled and stable
  -   scrolling into view if needed
  -   done scrolling
  -   <input value="" type="text" id="search-input" data-hp-bound="1" spellcheck="false" autocomplete="off" data-v-57548470="" placeholder="搜索小红书" class="search-input"/> intercepts pointer events
  - retrying click action, attempt #32
  -   waiting 500ms
  -   waiting for element to be visible, enabled and stable
  -   element is visible, enabled and stable
  -   scrolling into view if needed
  -   done scrolling
  -   <input value="" type="text" id="search-input" data-hp-bound="1" spellcheck="false" autocomplete="off" data-v-57548470="" placeholder="搜索小红书" class="search-input"/> intercepts pointer events
  - retrying click action, attempt #33
  -   waiting 500ms
  -   waiting for element to be visible, enabled and stable
  -   element is visible, enabled and stable
  -   scrolling into view if needed
  -   done scrolling
  -   <input value="" type="text" id="search-input" data-hp-bound="1" spellcheck="false" autocomplete="off" data-v-57548470="" placeholder="搜索小红书" class="search-input"/> intercepts pointer events
  - retrying click action, attempt #34
  -   waiting 500ms
  -   waiting for element to be visible, enabled and stable
  -   element is visible, enabled and stable
  -   scrolling into view if needed
  -   done scrolling
  -   <input value="" type="text" id="search-input" data-hp-bound="1" spellcheck="false" autocomplete="off" data-v-57548470="" placeholder="搜索小红书" class="search-input"/> intercepts pointer events
  - retrying click action, attempt #35
  -   waiting 500ms
  -   waiting for element to be visible, enabled and stable
  -   element is visible, enabled and stable
  -   scrolling into view if needed
  -   done scrolling
  -   <input value="" type="text" id="search-input" data-hp-bound="1" spellcheck="false" autocomplete="off" data-v-57548470="" placeholder="搜索小红书" class="search-input"/> intercepts pointer events
  - retrying click action, attempt #36
  -   waiting 500ms
  -   waiting for element to be visible, enabled and stable
  -   element is visible, enabled and stable
  -   scrolling into view if needed
  -   done scrolling
  -   <input value="" type="text" id="search-input" data-hp-bound="1" spellcheck="false" autocomplete="off" data-v-57548470="" placeholder="搜索小红书" class="search-input"/> intercepts pointer events
  - retrying click action, attempt #37
  -   waiting 500ms
  -   waiting for element to be visible, enabled and stable
  -   element is visible, enabled and stable
  -   scrolling into view if needed
  -   done scrolling
  -   <input value="" type="text" id="search-input" data-hp-bound="1" spellcheck="false" autocomplete="off" data-v-57548470="" placeholder="搜索小红书" class="search-input"/> intercepts pointer events
  - retrying click action, attempt #38
  -   waiting 500ms
  -   waiting for element to be visible, enabled and stable
  -   element is visible, enabled and stable
  -   scrolling into view if needed
  -   done scrolling
  -   <input value="" type="text" id="search-input" data-hp-bound="1" spellcheck="false" autocomplete="off" data-v-57548470="" placeholder="搜索小红书" class="search-input"/> intercepts pointer events
  - retrying click action, attempt #39
  -   waiting 500ms
  -   waiting for element to be visible, enabled and stable
  -   element is visible, enabled and stable
  -   scrolling into view if needed
  -   done scrolling
  -   <input value="" type="text" id="search-input" data-hp-bound="1" spellcheck="false" autocomplete="off" data-v-57548470="" placeholder="搜索小红书" class="search-input"/> intercepts pointer events
  - retrying click action, attempt #40
  -   waiting 500ms
  -   waiting for element to be visible, enabled and stable
  -   element is visible, enabled and stable
  -   scrolling into view if needed
  -   done scrolling
  -   <input value="" type="text" id="search-input" data-hp-bound="1" spellcheck="false" autocomplete="off" data-v-57548470="" placeholder="搜索小红书" class="search-input"/> intercepts pointer events
  - retrying click action, attempt #41
  -   waiting 500ms
  -   waiting for element to be visible, enabled and stable
  -   element is visible, enabled and stable
  -   scrolling into view if needed
  -   done scrolling
  -   <input value="" type="text" id="search-input" data-hp-bound="1" spellcheck="false" autocomplete="off" data-v-57548470="" placeholder="搜索小红书" class="search-input"/> intercepts pointer events
  - retrying click action, attempt #42
  -   waiting 500ms
  -   waiting for element to be visible, enabled and stable
  -   element is visible, enabled and stable
  -   scrolling into view if needed
  -   done scrolling
  -   <input value="" type="text" id="search-input" data-hp-bound="1" spellcheck="false" autocomplete="off" data-v-57548470="" placeholder="搜索小红书" class="search-input"/> intercepts pointer events
  - retrying click action, attempt #43
  -   waiting 500ms
  -   waiting for element to be visible, enabled and stable
  -   element is visible, enabled and stable
  -   scrolling into view if needed
  -   done scrolling
  -   <input value="" type="text" id="search-input" data-hp-bound="1" spellcheck="false" autocomplete="off" data-v-57548470="" placeholder="搜索小红书" class="search-input"/> intercepts pointer events
  - retrying click action, attempt #44
  -   waiting 500ms
  -   waiting for element to be visible, enabled and stable
  -   element is visible, enabled and stable
  -   scrolling into view if needed
  -   done scrolling
  -   <input value="" type="text" id="search-input" data-hp-bound="1" spellcheck="false" autocomplete="off" data-v-57548470="" placeholder="搜索小红书" class="search-input"/> intercepts pointer events
  - retrying click action, attempt #45
  -   waiting 500ms
  -   waiting for element to be visible, enabled and stable
  -   element is visible, enabled and stable
  -   scrolling into view if needed
  -   done scrolling
  -   <input value="" type="text" id="search-input" data-hp-bound="1" spellcheck="false" autocomplete="off" data-v-57548470="" placeholder="搜索小红书" class="search-input"/> intercepts pointer events
  - retrying click action, attempt #46
  -   waiting 500ms
  -   waiting for element to be visible, enabled and stable
  -   element is visible, enabled and stable
  -   scrolling into view if needed
  -   done scrolling
  -   <input value="" type="text" id="search-input" data-hp-bound="1" spellcheck="false" autocomplete="off" data-v-57548470="" placeholder="搜索小红书" class="search-input"/> intercepts pointer events
  - retrying click action, attempt #47
  -   waiting 500ms
  -   waiting for element to be visible, enabled and stable
  -   element is visible, enabled and stable
  -   scrolling into view if needed
  -   done scrolling
  -   <input value="" type="text" id="search-input" data-hp-bound="1" spellcheck="false" autocomplete="off" data-v-57548470="" placeholder="搜索小红书" class="search-input"/> intercepts pointer events
  - retrying click action, attempt #48
  -   waiting 500ms
  -   waiting for element to be visible, enabled and stable
  -   element is visible, enabled and stable
  -   scrolling into view if needed
  -   done scrolling
  -   <input value="" type="text" id="search-input" data-hp-bound="1" spellcheck="false" autocomplete="off" data-v-57548470="" placeholder="搜索小红书" class="search-input"/> intercepts pointer events
  - retrying click action, attempt #49
  -   waiting 500ms
  -   waiting for element to be visible, enabled and stable
  -   element is visible, enabled and stable
  -   scrolling into view if needed
  -   done scrolling
  -   <input value="" type="text" id="search-input" data-hp-bound="1" spellcheck="false" autocomplete="off" data-v-57548470="" placeholder="搜索小红书" class="search-input"/> intercepts pointer events
  - retrying click action, attempt #50
  -   waiting 500ms
  -   waiting for element to be visible, enabled and stable
  -   element is visible, enabled and stable
  -   scrolling into view if needed
  -   done scrolling
  -   <input value="" type="text" id="search-input" data-hp-bound="1" spellcheck="false" autocomplete="off" data-v-57548470="" placeholder="搜索小红书" class="search-input"/> intercepts pointer events
  - retrying click action, attempt #51
  -   waiting 500ms
  -   waiting for element to be visible, enabled and stable
  -   element is visible, enabled and stable
  -   scrolling into view if needed
  -   done scrolling
  -   <input value="" type="text" id="search-input" data-hp-bound="1" spellcheck="false" autocomplete="off" data-v-57548470="" placeholder="搜索小红书" class="search-input"/> intercepts pointer events
  - retrying click action, attempt #52
  -   waiting 500ms
  -   waiting for element to be visible, enabled and stable
  -   element is visible, enabled and stable
  -   scrolling into view if needed
  -   done scrolling
  -   <input value="" type="text" id="search-input" data-hp-bound="1" spellcheck="false" autocomplete="off" data-v-57548470="" placeholder="搜索小红书" class="search-input"/> intercepts pointer events
  - retrying click action, attempt #53
  -   waiting 500ms
  -   waiting for element to be visible, enabled and stable
  -   element is visible, enabled and stable
  -   scrolling into view if needed
  -   done scrolling
  -   <input value="" type="text" id="search-input" data-hp-bound="1" spellcheck="false" autocomplete="off" data-v-57548470="" placeholder="搜索小红书" class="search-input"/> intercepts pointer events
  - retrying click action, attempt #54
  -   waiting 500ms
  -   waiting for element to be visible, enabled and stable
  -   element is visible, enabled and stable
  -   scrolling into view if needed
  -   done scrolling
  -   <input value="" type="text" id="search-input" data-hp-bound="1" spellcheck="false" autocomplete="off" data-v-57548470="" placeholder="搜索小红书" class="search-input"/> intercepts pointer events
  - retrying click action, attempt #55
  -   waiting 500ms
  -   waiting for element to be visible, enabled and stable
  -   element is visible, enabled and stable
  -   scrolling into view if needed
  -   done scrolling
  -   <input value="" type="text" id="search-input" data-hp-bound="1" spellcheck="false" autocomplete="off" data-v-57548470="" placeholder="搜索小红书" class="search-input"/> intercepts pointer events
  - retrying click action, attempt #56
  -   waiting 500ms
  -   waiting for element to be visible, enabled and stable
  -   element is visible, enabled and stable
  -   scrolling into view if needed
  -   done scrolling
  -   <input value="" type="text" id="search-input" data-hp-bound="1" spellcheck="false" autocomplete="off" data-v-57548470="" placeholder="搜索小红书" class="search-input"/> intercepts pointer events
  - retrying click action, attempt #57
  -   waiting 500ms


=== STDERR ===
Traceback (most recent call last):
  File "E:\translate\claw\xhs-auto-traffic-v2\main.py", line 161, in <module>
    main()
  File "E:\translate\claw\xhs-auto-traffic-v2\main.py", line 157, in main
    run_collect(args.keyword, args.limit, headless=headless)
  File "E:\translate\claw\xhs-auto-traffic-v2\main.py", line 31, in run_collect
    feeds = collector.collect(keyword, limit=limit)
            ^^^^^^^^^^^^^^^^^^^^^^^^^^^^^^^^^^^^^^^
  File "E:\translate\claw\xhs-auto-traffic-v2\core\search_collector.py", line 267, in collect
    self._check_login()
  File "E:\translate\claw\xhs-auto-traffic-v2\core\search_collector.py", line 176, in _check_login
    raise LoginRequiredError(
core.search_collector.LoginRequiredError: 小红书登录态失效（URL 重定向），需重新扫码登录。
