19:29 [汕尾红海湾攻略] [INFO] [run_batch] [3] 重启浏览器（每 3 个关键词自动重启）
19:29 [汕尾红海湾攻略] [INFO] [run_batch] [4] 启动新浏览器
19:29 [汕尾红海湾攻略] [INFO] [run_batch] 开始采集 [4/10] [longtail] 汕尾红海湾攻略
19:29 [汕尾红海湾攻略] [INFO] [run_batch] 采集完成: 8 条 Feeds
19:32 [汕尾红海湾攻略] [INFO] [run_batch] enrichment 完成: 8 条（丢弃 0 条不可见帖子）
19:32 [汕尾红海湾攻略] [DEBUG] [Detail] PASS 69f87235000000003803669a Detail (duration=201.8s)
19:32 [汕尾红海湾攻略] [DEBUG] [Detail] PASS 69f8678f0000000023017808 Detail (duration=201.9s)
19:32 [汕尾红海湾攻略] [DEBUG] [Detail] PASS 69f85813000000001b0211f5 Detail (duration=201.9s)
19:32 [汕尾红海湾攻略] [DEBUG] [Detail] PASS 69f846c6000000001f004fdb Detail (duration=201.9s)
19:32 [汕尾红海湾攻略] [DEBUG] [Detail] PASS 69f831ce000000001f002c15 Detail (duration=201.9s)
19:32 [汕尾红海湾攻略] [DEBUG] [Detail] PASS 69f80361000000001f0043e5 Detail (duration=201.9s)
19:32 [汕尾红海湾攻略] [DEBUG] [Detail] PASS 69f734e3000000001f00649a Detail (duration=201.9s)
19:32 [汕尾红海湾攻略] [DEBUG] [Detail] PASS 69f76947000000003502ba90 Detail (duration=201.9s)
19:32 [汕尾红海湾攻略] [DEBUG] [Filter] FAIL 69f87235000000003803669a Filter 无明确需求 (duration=201.9s)
19:32 [汕尾红海湾攻略] [DEBUG] [Filter] FAIL 69f8678f0000000023017808 Filter 纯分享攻略贴 (duration=201.9s)
19:32 [汕尾红海湾攻略] [DEBUG] [Filter] FAIL 69f85813000000001b0211f5 Filter 纯分享攻略贴 (duration=201.9s)
19:32 [汕尾红海湾攻略] [DEBUG] [Filter] FAIL 69f846c6000000001f004fdb Filter 无明确需求 (duration=201.9s)
19:32 [汕尾红海湾攻略] [DEBUG] [Filter] FAIL 69f831ce000000001f002c15 Filter 无明确需求 (duration=202.0s)
19:32 [汕尾红海湾攻略] [DEBUG] [Filter] PASS 69f80361000000001f0043e5 Filter (reasons=ask)
19:32 [汕尾红海湾攻略] [DEBUG] [Filter] FAIL 69f734e3000000001f00649a Filter 非目标地域 (duration=202.0s)
19:32 [汕尾红海湾攻略] [DEBUG] [Filter] FAIL 69f76947000000003502ba90 Filter 无明确需求 (duration=202.0s)
19:32 [汕尾红海湾攻略] [INFO] [run_batch] 筛选完成: 1/8 条通过
19:32 [汕尾红海湾攻略] [DEBUG] [Review] PASS 69f80361000000001f0043e5 Review
19:32 [汕尾红海湾攻略] [INFO] [run_batch] 复查完成: 1 条终审通过
19:32 [汕尾红海湾攻略] [INFO] [run_batch] 飞书写入完成
19:32 [汕尾红海湾攻略] [INFO] [run_batch] ✅ 完成，耗时 204.5s
19:32 [汕尾红海湾攻略] [INFO] [run_batch] 休息 5s...
