关键词: 汕尾美食
分组: core
开始时间: 2026-04-30 10:28:11
耗时: 27.9s
超时: 否
成功: 是

=== STDOUT ===
[10:27:45.606] [SearchColl] goto: https://www.xiaohongshu.com/search_result?keyword=汕尾美食&type=51
[10:27:46.806] [SearchColl] 页面加载完成
[10:27:49.854] [SearchColl] 登录检测通过
[10:27:55.046] [SearchColl] 笔记列表出现
[10:27:55.047] [SearchColl] 点击筛选: 最新 + 一周内
[SearchCollector] 筛选完成: 最新 + 一周内
[10:28:00.891] [SearchColl] 开始滚动加载
[ScrollHelper] 滚动 2/8: 当前 18 条
[ScrollHelper] 已达目标 10 条，提前结束
[10:28:02.923] [SearchColl] 滚动加载完成
[10:28:02.923] [SearchColl] 开始提取Feeds
[10:28:02.940] [SearchColl] 提取完成，返回 17 条Feeds
[SearchCollector] 采集完成: 1/17 条（时间+去重后）
[main] 搜索采集完成: 1 条
[10:28:02.956] [NoteDetail] 创建 NoteDetailCollector
[10:28:02.959] [NoteDetail] enrich_all 开始，共 1 条
[10:28:03.047] [NoteDetail] 处理笔记 1/1: 69f38065000000003501c2d0
[Detail] [1/1] /search_result/69f38065000000003501c2d0?xsec_token=ABaqDJdw0...
[10:28:03.048] [NoteDetail]   goto: https://www.xiaohongshu.com/search_result/69f38065000000003501c2d0?xsec_token=AB
[10:28:03.937] [NoteDetail]   page.goto 完成
[10:28:05.049] [NoteDetail]   wait_for_selector 完成
[10:28:07.051] [NoteDetail]   开始提取详情
[10:28:07.065] [NoteDetail]   提取完成 content_len=16
[Detail] OK: 汕尾海贼王主题咖啡店，还在装修中...
[10:28:10.109] [NoteDetail]   Page 已关闭
[10:28:10.123] [NoteDetail] enrich_all 完成，返回 1 条
[main] enrichment 完成: 1 条
[main] 筛选完成: 0 条通过

=== STDERR ===
