关键词: 汕尾美食
分组: core
开始时间: 2026-04-30 11:10:40
耗时: 28.5s
超时: 否
成功: 是

=== STDOUT ===
[11:10:14.132] [SearchColl] goto: https://www.xiaohongshu.com/search_result?keyword=汕尾美食&type=51
[11:10:15.381] [SearchColl] 页面加载完成
[11:10:18.417] [SearchColl] 登录检测通过
[11:10:23.626] [SearchColl] 笔记列表出现
[11:10:23.627] [SearchColl] 点击筛选: 最新 + 一周内
[SearchCollector] 筛选完成: 最新 + 一周内
[11:10:29.478] [SearchColl] 开始滚动加载
[ScrollHelper] 滚动 2/8: 当前 18 条
[ScrollHelper] 已达目标 10 条，提前结束
[11:10:31.554] [SearchColl] 滚动加载完成
[11:10:31.556] [SearchColl] 开始提取Feeds
[11:10:31.572] [SearchColl] 提取完成，返回 17 条Feeds
[SearchCollector] 采集完成: 1/17 条（时间+去重后）
[main] 搜索采集完成: 1 条
[11:10:31.588] [NoteDetail] 创建 NoteDetailCollector
[11:10:31.590] [NoteDetail] enrich_all 开始，共 1 条
[11:10:31.683] [NoteDetail] 处理笔记 1/1: 69edc745000000001b0201e8
[Detail] [1/1] /search_result/69edc745000000001b0201e8?xsec_token=ABEr0hNps...
[11:10:31.683] [NoteDetail]   goto: https://www.xiaohongshu.com/search_result/69edc745000000001b0201e8?xsec_token=AB
[11:10:32.671] [NoteDetail]   page.goto 完成
[11:10:33.774] [NoteDetail]   wait_for_selector 完成
[11:10:35.775] [NoteDetail]   开始提取详情
[11:10:35.790] [NoteDetail]   提取完成 content_len=128
[Detail] OK: 汕尾吃生腌直接冲二马路！徐家平价生腌老店，地道海边烟火味。海...
[11:10:39.191] [NoteDetail]   Page 已关闭
[11:10:39.205] [NoteDetail] enrich_all 完成，返回 1 条
[main] enrichment 完成: 1 条
[main] 筛选完成: 0 条通过

=== STDERR ===
