23:33 [汕尾美食] [INFO] [run_batch] 启动 Playwright Browser
23:33 [汕尾美食] [INFO] [run_batch] Browser 启动成功，开始采集
23:33 [汕尾美食] [INFO] [run_batch] 开始采集 [1/3] [core] 汕尾美食
23:33 [汕尾美食] [INFO] [run_batch] 采集完成: 9 条 Feeds
23:36 [汕尾美食] [INFO] [run_batch] enrichment 完成: 9 条（丢弃 0 条不可见帖子）
23:36 [汕尾美食] [DEBUG] [Detail] PASS 69fc56d10000000023007220 Detail (duration=184.4s)
23:36 [汕尾美食] [DEBUG] [Detail] PASS 69fc4651000000003501f610 Detail (duration=184.4s)
23:36 [汕尾美食] [DEBUG] [Detail] PASS 69f8bddb00000000230143a8 Detail (duration=184.4s)
23:36 [汕尾美食] [DEBUG] [Detail] PASS 69f850d2000000003502cbb6 Detail (duration=184.4s)
23:36 [汕尾美食] [DEBUG] [Detail] PASS 69f75949000000003502eb87 Detail (duration=184.4s)
23:36 [汕尾美食] [DEBUG] [Detail] PASS 69f613f3000000003501f738 Detail (duration=184.4s)
23:36 [汕尾美食] [DEBUG] [Detail] PASS 69fd7df3000000003803692f Detail (duration=184.4s)
23:36 [汕尾美食] [DEBUG] [Detail] PASS 69fd77a70000000035028e80 Detail (duration=184.4s)
23:36 [汕尾美食] [DEBUG] [Detail] PASS 69fd760e000000003601dfb3 Detail (duration=184.4s)
23:36 [汕尾美食] [DEBUG] [Filter] FAIL 69fc56d10000000023007220 Filter 无明确需求 (duration=184.5s)
23:36 [汕尾美食] [DEBUG] [Filter] FAIL 69fc4651000000003501f610 Filter 纯分享攻略贴 (duration=184.5s)
23:36 [汕尾美食] [DEBUG] [Filter] FAIL 69f8bddb00000000230143a8 Filter 无明确需求 (duration=184.5s)
23:36 [汕尾美食] [DEBUG] [Filter] FAIL 69f850d2000000003502cbb6 Filter 无明确需求 (duration=184.6s)
23:36 [汕尾美食] [DEBUG] [Filter] FAIL 69f75949000000003502eb87 Filter 纯分享攻略贴 (duration=184.6s)
23:36 [汕尾美食] [DEBUG] [Filter] FAIL 69f613f3000000003501f738 Filter 无明确需求 (duration=184.6s)
23:36 [汕尾美食] [DEBUG] [Filter] FAIL 69fd7df3000000003803692f Filter 无明确需求 (duration=184.7s)
23:36 [汕尾美食] [DEBUG] [Filter] FAIL 69fd77a70000000035028e80 Filter 纯分享攻略贴 (duration=184.7s)
23:36 [汕尾美食] [DEBUG] [Filter] FAIL 69fd760e000000003601dfb3 Filter 纯分享攻略贴 (duration=184.7s)
23:36 [汕尾美食] [INFO] [run_batch] 筛选完成: 0/9 条通过
23:36 [汕尾美食] [INFO] [run_batch] 复查完成: 0 条终审通过
23:36 [汕尾美食] [INFO] [run_batch] ✅ 完成，耗时 184.7s
23:36 [汕尾美食] [INFO] [run_batch] 休息 5s...
