关键词: 汕尾旅游攻略
分组: core
开始时间: 2026-04-30 11:17:32
耗时: 62.8s
超时: 否
成功: 是

=== STDOUT ===
[11:16:31.716] [SearchColl] goto: https://www.xiaohongshu.com/search_result?keyword=汕尾旅游攻略&type=51
[11:16:36.072] [SearchColl] 页面加载完成
[11:16:41.144] [SearchColl] 登录检测通过
[11:16:46.160] [SearchColl] 笔记列表出现
[11:16:46.161] [SearchColl] 点击筛选: 最新 + 一周内
[SearchCollector] 筛选完成: 最新 + 一周内
[11:16:51.977] [SearchColl] 开始滚动加载
[ScrollHelper] 滚动 2/8: 当前 18 条
[ScrollHelper] 已达目标 10 条，提前结束
[11:16:54.010] [SearchColl] 滚动加载完成
[11:16:54.010] [SearchColl] 开始提取Feeds
[11:16:54.026] [SearchColl] 提取完成，返回 16 条Feeds
[SearchCollector] 采集完成: 3/16 条（时间+去重后）
[main] 搜索采集完成: 3 条
[11:16:54.062] [NoteDetail] 创建 NoteDetailCollector
[11:16:54.063] [NoteDetail] enrich_all 开始，共 3 条
[11:16:54.154] [NoteDetail] 处理笔记 1/3: 69f20e59000000003700ca88
[Detail] [1/3] /search_result/69f20e59000000003700ca88?xsec_token=ABLA2hKtZ...
[11:16:54.155] [NoteDetail]   goto: https://www.xiaohongshu.com/search_result/69f20e59000000003700ca88?xsec_token=AB
[11:17:03.508] [NoteDetail]   page.goto 完成
[11:17:03.776] [NoteDetail]   wait_for_selector 完成
[11:17:05.777] [NoteDetail]   开始提取详情
[11:17:05.791] [NoteDetail]   提取完成 content_len=318
[Detail] OK: 市井烟火气，最抚旅人心✨
五一来汕尾旅游的！有福了！
成都排...
[11:17:09.209] [NoteDetail]   Page 已关闭
[11:17:09.328] [NoteDetail] 处理笔记 2/3: 69f0eb760000000023014e51
[Detail] [2/3] /search_result/69f0eb760000000023014e51?xsec_token=AB8iUZ9FG...
[11:17:09.329] [NoteDetail]   goto: https://www.xiaohongshu.com/search_result/69f0eb760000000023014e51?xsec_token=AB
[11:17:11.200] [NoteDetail]   page.goto 完成
[11:17:12.263] [NoteDetail]   wait_for_selector 完成
[11:17:14.265] [NoteDetail]   开始提取详情
[11:17:14.277] [NoteDetail]   提取完成 content_len=508
[Detail] OK: 虽说长大了很少回家，但是一回家真的会去把好吃的都吃遍
如果要...
[11:17:18.106] [NoteDetail]   Page 已关闭
[11:17:18.204] [NoteDetail] 处理笔记 3/3: 69f07e4f0000000023015987
[Detail] [3/3] /search_result/69f07e4f0000000023015987?xsec_token=AB8iUZ9FG...
[11:17:18.206] [NoteDetail]   goto: https://www.xiaohongshu.com/search_result/69f07e4f0000000023015987?xsec_token=AB
[11:17:20.085] [NoteDetail]   page.goto 完成
[11:17:20.839] [NoteDetail]   wait_for_selector 完成
[11:17:22.840] [NoteDetail]   开始提取详情
[11:17:22.856] [NoteDetail]   提取完成 content_len=53
[Detail] OK: 五一欢迎来我们的家乡汕尾#假期去哪玩 #一万种旅行howto...
[11:17:26.986] [NoteDetail]   Page 已关闭
[11:17:26.991] [NoteDetail] enrich_all 完成，返回 3 条
[main] enrichment 完成: 3 条
[main] 筛选完成: 1 条通过
[FeishuOutput] 待写入 1 条
[Feishu] 当前表格已有 23 条记录
[Feishu] [69f0eb760000000023014e51] 写入成功: 土著带路｜盘点汕尾城区老牌美食
[Feishu] 完成: 写入 1，跳过 0，失败 0
[FeishuOutput] 写入完成: 写入 1，跳过 0，失败 0
[main] 飞书写入完成: 1 条

=== STDERR ===
