19:23 [汕尾红海湾民宿] [INFO] [run_batch] 开始采集 [3/10] [longtail] 汕尾红海湾民宿
19:24 [汕尾红海湾民宿] [INFO] [run_batch] 采集完成: 12 条 Feeds
19:29 [汕尾红海湾民宿] [INFO] [run_batch] enrichment 完成: 12 条（丢弃 0 条不可见帖子）
19:29 [汕尾红海湾民宿] [DEBUG] [Detail] PASS 69f89438000000002301ce8c Detail (duration=338.6s)
19:29 [汕尾红海湾民宿] [DEBUG] [Detail] PASS 69f8941e00000000230058e9 Detail (duration=338.6s)
19:29 [汕尾红海湾民宿] [DEBUG] [Detail] PASS 69f887480000000035023805 Detail (duration=338.6s)
19:29 [汕尾红海湾民宿] [DEBUG] [Detail] PASS 69f887320000000022029c9b Detail (duration=338.6s)
19:29 [汕尾红海湾民宿] [DEBUG] [Detail] PASS 69f884a2000000002301fa4c Detail (duration=338.6s)
19:29 [汕尾红海湾民宿] [DEBUG] [Detail] PASS 69f87a280000000022026bda Detail (duration=338.6s)
19:29 [汕尾红海湾民宿] [DEBUG] [Detail] FAIL 69f848da000000003700f01e Detail 内容为空 (duration=338.6s)
19:29 [汕尾红海湾民宿] [DEBUG] [Detail] PASS 69f8445e000000003700d677 Detail (duration=338.6s)
19:29 [汕尾红海湾民宿] [DEBUG] [Detail] PASS 69f83302000000001a02f242 Detail (duration=338.6s)
19:29 [汕尾红海湾民宿] [DEBUG] [Detail] PASS 69f8249b000000003501c706 Detail (duration=338.6s)
19:29 [汕尾红海湾民宿] [DEBUG] [Detail] PASS 69f8119b0000000035026446 Detail (duration=338.7s)
19:29 [汕尾红海湾民宿] [DEBUG] [Detail] PASS 69f80c63000000003503aedb Detail (duration=338.7s)
19:29 [汕尾红海湾民宿] [DEBUG] [Filter] FAIL 69f89438000000002301ce8c Filter 商家账号 (duration=338.7s)
19:29 [汕尾红海湾民宿] [DEBUG] [Filter] FAIL 69f8941e00000000230058e9 Filter 找搭子/旅游同伴 (duration=338.7s)
19:29 [汕尾红海湾民宿] [DEBUG] [Filter] FAIL 69f887480000000035023805 Filter 找搭子/旅游同伴 (duration=338.7s)
19:29 [汕尾红海湾民宿] [DEBUG] [Filter] FAIL 69f887320000000022029c9b Filter 无明确需求 (duration=338.7s)
19:29 [汕尾红海湾民宿] [DEBUG] [Filter] FAIL 69f884a2000000002301fa4c Filter 纯分享攻略贴 (duration=338.7s)
19:29 [汕尾红海湾民宿] [DEBUG] [Filter] FAIL 69f87a280000000022026bda Filter 无明确需求 (duration=338.7s)
19:29 [汕尾红海湾民宿] [DEBUG] [Filter] FAIL 69f848da000000003700f01e Filter 无明确需求 (duration=338.7s)
19:29 [汕尾红海湾民宿] [DEBUG] [Filter] FAIL 69f8445e000000003700d677 Filter 找搭子/旅游同伴 (duration=338.7s)
19:29 [汕尾红海湾民宿] [DEBUG] [Filter] FAIL 69f83302000000001a02f242 Filter 商家账号 (duration=338.7s)
19:29 [汕尾红海湾民宿] [DEBUG] [Filter] FAIL 69f8249b000000003501c706 Filter 无明确需求 (duration=338.7s)
19:29 [汕尾红海湾民宿] [DEBUG] [Filter] FAIL 69f8119b0000000035026446 Filter 无明确需求 (duration=338.7s)
19:29 [汕尾红海湾民宿] [DEBUG] [Filter] FAIL 69f80c63000000003503aedb Filter 无明确需求 (duration=338.8s)
19:29 [汕尾红海湾民宿] [INFO] [run_batch] 筛选完成: 0/12 条通过
19:29 [汕尾红海湾民宿] [INFO] [run_batch] 复查完成: 0 条终审通过
19:29 [汕尾红海湾民宿] [INFO] [run_batch] ✅ 完成，耗时 338.8s
19:29 [汕尾红海湾民宿] [INFO] [run_batch] 休息 5s...
