关键词: 汕尾旅游攻略
分组: core
开始时间: 2026-04-30 11:21:46
耗时: 45.9s
超时: 否
成功: 是

=== STDOUT ===
[11:21:02.909] [SearchColl] goto: https://www.xiaohongshu.com/search_result?keyword=汕尾旅游攻略&type=51
[11:21:04.390] [SearchColl] 页面加载完成
[11:21:07.436] [SearchColl] 登录检测通过
[11:21:12.646] [SearchColl] 笔记列表出现
[11:21:12.647] [SearchColl] 点击筛选: 最新 + 一周内
[SearchCollector] 筛选完成: 最新 + 一周内
[11:21:18.476] [SearchColl] 开始滚动加载
[ScrollHelper] 滚动 2/8: 当前 18 条
[ScrollHelper] 已达目标 10 条，提前结束
[11:21:20.514] [SearchColl] 滚动加载完成
[11:21:20.515] [SearchColl] 开始提取Feeds
[11:21:20.530] [SearchColl] 提取完成，返回 17 条Feeds
[SearchCollector] 采集完成: 3/17 条（时间+去重后）
[main] 搜索采集完成: 3 条
[11:21:20.547] [NoteDetail] 创建 NoteDetailCollector
[11:21:20.549] [NoteDetail] enrich_all 开始，共 3 条
[11:21:20.637] [NoteDetail] 处理笔记 1/3: 69edfead000000001e00d5f8
[Detail] [1/3] /search_result/69edfead000000001e00d5f8?xsec_token=ABEr0hNps...
[11:21:20.637] [NoteDetail]   goto: https://www.xiaohongshu.com/search_result/69edfead000000001e00d5f8?xsec_token=AB
[11:21:21.545] [NoteDetail]   page.goto 完成
[11:21:22.750] [NoteDetail]   wait_for_selector 完成
[11:21:24.751] [NoteDetail]   开始提取详情
[11:21:24.765] [NoteDetail]   提取完成 content_len=74
[Detail] OK: 汕尾的第一天来到了金町湾
阴转晴运气还是不错滴
走走停停很舒...
[11:21:28.001] [NoteDetail]   Page 已关闭
[11:21:28.118] [NoteDetail] 处理笔记 2/3: 69ede67e000000003502abe5
[Detail] [2/3] /search_result/69ede67e000000003502abe5?xsec_token=ABEr0hNps...
[11:21:28.118] [NoteDetail]   goto: https://www.xiaohongshu.com/search_result/69ede67e000000003502abe5?xsec_token=AB
[11:21:29.026] [NoteDetail]   page.goto 完成
[11:21:30.339] [NoteDetail]   wait_for_selector 完成
[11:21:32.340] [NoteDetail]   开始提取详情
[11:21:32.353] [NoteDetail]   提取完成 content_len=73
[Detail] WARN: 正文仅为 hashtag（笔记可能无法访问），用搜索页标题降级
[Detail] OK: (无正文)...
[11:21:36.776] [NoteDetail]   Page 已关闭
[11:21:36.879] [NoteDetail] 处理笔记 3/3: 69ede86c00000000360021bb
[Detail] [3/3] /search_result/69ede86c00000000360021bb?xsec_token=ABEr0hNps...
[11:21:36.880] [NoteDetail]   goto: https://www.xiaohongshu.com/search_result/69ede86c00000000360021bb?xsec_token=AB
[11:21:38.062] [NoteDetail]   page.goto 完成
[11:21:39.223] [NoteDetail]   wait_for_selector 完成
[11:21:41.225] [NoteDetail]   开始提取详情
[11:21:41.239] [NoteDetail]   提取完成 content_len=27
[Detail] OK: 汕尾的阴天和艳阳天都见证啦#汕尾 #红海湾 #海上古堡...
[11:21:45.591] [NoteDetail]   Page 已关闭
[11:21:45.605] [NoteDetail] enrich_all 完成，返回 3 条
[main] enrichment 完成: 3 条
[main] 筛选完成: 0 条通过

=== STDERR ===
