关键词: 汕尾去哪住
分组: core
开始时间: 2026-04-30 10:42:39
耗时: 32.1s
超时: 否
成功: 是

=== STDOUT ===
[10:42:09.617] [SearchColl] goto: 小红书首页
[10:42:16.126] [SearchColl] 搜索框已fill: 汕尾去哪住
[10:42:16.815] [SearchColl] 按回车触发搜索
[10:42:21.836] [SearchColl] 搜索结果页面加载完成
[10:42:24.868] [SearchColl] 登录检测通过
[10:42:29.891] [SearchColl] 笔记列表出现
[10:42:29.891] [SearchColl] 点击筛选: 最新 + 一周内
[SearchCollector] 筛选完成: 最新 + 一周内
[10:42:35.967] [SearchColl] 开始滚动加载
[ScrollHelper] 滚动 2/8: 当前 18 条
[ScrollHelper] 已达目标 10 条，提前结束
[10:42:38.065] [SearchColl] 滚动加载完成
[10:42:38.066] [SearchColl] 开始提取Feeds
[10:42:38.082] [SearchColl] 提取完成，返回 17 条Feeds
[SearchCollector] 采集完成: 0/17 条（时间+去重后）
[main] 搜索采集完成: 0 条
[main] 无采集结果，退出

=== STDERR ===
