关键词: 汕尾亲子游
分组: longtail
开始时间: 2026-04-30 11:25:02
耗时: 28.8s
超时: 否
成功: 是

=== STDOUT ===
[11:24:36.104] [SearchColl] goto: https://www.xiaohongshu.com/search_result?keyword=汕尾亲子游&type=51
[11:24:37.335] [SearchColl] 页面加载完成
[11:24:40.409] [SearchColl] 登录检测通过
[11:24:45.615] [SearchColl] 笔记列表出现
[11:24:45.616] [SearchColl] 点击筛选: 最新 + 一周内
[SearchCollector] 筛选完成: 最新 + 一周内
[11:24:51.483] [SearchColl] 开始滚动加载
[ScrollHelper] 滚动 2/8: 当前 18 条
[ScrollHelper] 已达目标 10 条，提前结束
[11:24:53.530] [SearchColl] 滚动加载完成
[11:24:53.531] [SearchColl] 开始提取Feeds
[11:24:53.548] [SearchColl] 提取完成，返回 17 条Feeds
[SearchCollector] 采集完成: 1/17 条（时间+去重后）
[main] 搜索采集完成: 1 条
[11:24:53.564] [NoteDetail] 创建 NoteDetailCollector
[11:24:53.567] [NoteDetail] enrich_all 开始，共 1 条
[11:24:53.659] [NoteDetail] 处理笔记 1/1: 69ef6b0b000000003700d54f
[Detail] [1/1] /search_result/69ef6b0b000000003700d54f?xsec_token=ABO6-Khbl...
[11:24:53.659] [NoteDetail]   goto: https://www.xiaohongshu.com/search_result/69ef6b0b000000003700d54f?xsec_token=AB
[11:24:54.670] [NoteDetail]   page.goto 完成
[11:24:55.890] [NoteDetail]   wait_for_selector 完成
[11:24:57.891] [NoteDetail]   开始提取详情
[11:24:57.907] [NoteDetail]   提取完成 content_len=103
[Detail] OK: 时间4.27早上11点到达，整个就是大包场！没有人，放狗随便...
[11:25:01.133] [NoteDetail]   Page 已关闭
[11:25:01.147] [NoteDetail] enrich_all 完成，返回 1 条
[main] enrichment 完成: 1 条
[main] 筛选完成: 0 条通过

=== STDERR ===
