关键词: 汕尾亲子游
分组: longtail
开始时间: 2026-04-30 11:05:15
耗时: 63.9s
超时: 否
成功: 是

=== STDOUT ===
[11:04:13.415] [SearchColl] goto: 小红书首页
[11:04:48.575] [SearchColl] 未找到搜索框，改用直接访问: ElementHandle.click: Timeout 30000ms exceeded.
Call log:
attempting click action
  -   waiting for element to be visible, enabled and stable
  -   element is visible, enabled and stable
  -   scrolling into view if needed
  -   done scrolling
  -   <input value="" type="text" id="search-input" data-hp-bound="1" spellcheck="false" autocomplete="off" data-v-57548470="" placeholder="搜索小红书" class="search-input"/> intercepts pointer events
  - retrying click action, attempt #1
  -   waiting for element to be visible, enabled and stable
  -   element is visible, enabled and stable
  -   scrolling into view if needed
  -   done scrolling
  -   <input value="" type="text" id="search-input" data-hp-bound="1" spellcheck="false" autocomplete="off" data-v-57548470="" placeholder="搜索小红书" class="search-input"/> intercepts pointer events
  - retrying click action, attempt #2
  -   waiting 20ms
  -   waiting for element to be visible, enabled and stable
  -   element is visible, enabled and stable
  -   scrolling into view if needed
  -   done scrolling
  -   <input value="" type="text" id="search-input" data-hp-bound="1" spellcheck="false" autocomplete="off" data-v-57548470="" placeholder="搜索小红书" class="search-input"/> intercepts pointer events
  - retrying click action, attempt #3
  -   waiting 100ms
  -   waiting for element to be visible, enabled and stable
  -   element is visible, enabled and stable
  -   scrolling into view if needed
  -   done scrolling
  -   <input value="" type="text" id="search-input" data-hp-bound="1" spellcheck="false" autocomplete="off" data-v-57548470="" placeholder="搜索小红书" class="search-input"/> intercepts pointer events
  - retrying click action, attempt #4
  -   waiting 100ms
  -   waiting for element to be visible, enabled and stable
  -   element is visible, enabled and stable
  -   scrolling into view if needed
  -   done scrolling
  -   <input value="" type="text" id="search-input" data-hp-bound="1" spellcheck="false" autocomplete="off" data-v-57548470="" placeholder="搜索小红书" class="search-input"/> intercepts pointer events
  - retrying click action, attempt #5
  -   waiting 500ms
  -   waiting for element to be visible, enabled and stable
  -   element is visible, enabled and stable
  -   scrolling into view if needed
  -   done scrolling
  -   <input value="" type="text" id="search-input" data-hp-bound="1" spellcheck="false" autocomplete="off" data-v-57548470="" placeholder="搜索小红书" class="search-input"/> intercepts pointer events
  - retrying click action, attempt #6
  -   waiting 500ms
  -   waiting for element to be visible, enabled and stable
  -   element is visible, enabled and stable
  -   scrolling into view if needed
  -   done scrolling
  -   <input value="" type="text" id="search-input" data-hp-bound="1" spellcheck="false" autocomplete="off" data-v-57548470="" placeholder="搜索小红书" class="search-input"/> intercepts pointer events
  - retrying click action, attempt #7
  -   waiting 500ms
  -   waiting for element to be visible, enabled and stable
  -   element is visible, enabled and stable
  -   scrolling into view if needed
  -   done scrolling
  -   <input value="" type="text" id="search-input" data-hp-bound="1" spellcheck="false" autocomplete="off" data-v-57548470="" placeholder="搜索小红书" class="search-input"/> intercepts pointer events
  - retrying click action, attempt #8
  -   waiting 500ms
  -   waiting for element to be visible, enabled and stable
  -   element is visible, enabled and stable
  -   scrolling into view if needed
  -   done scrolling
  -   <input value="" type="text" id="search-input" data-hp-bound="1" spellcheck="false" autocomplete="off" data-v-57548470="" placeholder="搜索小红书" class="search-input"/> intercepts pointer events
  - retrying click action, attempt #9
  -   waiting 500ms
  -   waiting for element to be visible, enabled and stable
  -   element is visible, enabled and stable
  -   scrolling into view if needed
  -   done scrolling
  -   <input value="" type="text" id="search-input" data-hp-bound="1" spellcheck="false" autocomplete="off" data-v-57548470="" placeholder="搜索小红书" class="search-input"/> intercepts pointer events
  - retrying click action, attempt #10
  -   waiting 500ms
  -   waiting for element to be visible, enabled and stable
  -   element is visible, enabled and stable
  -   scrolling into view if needed
  -   done scrolling
  -   <input value="" type="text" id="search-input" data-hp-bound="1" spellcheck="false" autocomplete="off" data-v-57548470="" placeholder="搜索小红书" class="search-input"/> intercepts pointer events
  - retrying click action, attempt #11
  -   waiting 500ms
  -   waiting for element to be visible, enabled and stable
  -   element is visible, enabled and stable
  -   scrolling into view if needed
  -   done scrolling
  -   <input value="" type="text" id="search-input" data-hp-bound="1" spellcheck="false" autocomplete="off" data-v-57548470="" placeholder="搜索小红书" class="search-input"/> intercepts pointer events
  - retrying click action, attempt #12
  -   waiting 500ms
  -   waiting for element to be visible, enabled and stable
  -   element is visible, enabled and stable
  -   scrolling into view if needed
  -   done scrolling
  -   <input value="" type="text" id="search-input" data-hp-bound="1" spellcheck="false" autocomplete="off" data-v-57548470="" placeholder="搜索小红书" class="search-input"/> intercepts pointer events
  - retrying click action, attempt #13
  -   waiting 500ms
  -   waiting for element to be visible, enabled and stable
  -   element is visible, enabled and stable
  -   scrolling into view if needed
  -   done scrolling
  -   <input value="" type="text" id="search-input" data-hp-bound="1" spellcheck="false" autocomplete="off" data-v-57548470="" placeholder="搜索小红书" class="search-input"/> intercepts pointer events
  - retrying click action, attempt #14
  -   waiting 500ms
  -   waiting for element to be visible, enabled and stable
  -   element is visible, enabled and stable
  -   scrolling into view if needed
  -   done scrolling
  -   <input value="" type="text" id="search-input" data-hp-bound="1" spellcheck="false" autocomplete="off" data-v-57548470="" placeholder="搜索小红书" class="search-input"/> intercepts pointer events
  - retrying click action, attempt #15
  -   waiting 500ms
  -   waiting for element to be visible, enabled and stable
  -   element is visible, enabled and stable
  -   scrolling into view if needed
  -   done scrolling
  -   <input value="" type="text" id="search-input" data-hp-bound="1" spellcheck="false" autocomplete="off" data-v-57548470="" placeholder="搜索小红书" class="search-input"/> intercepts pointer events
  - retrying click action, attempt #16
  -   waiting 500ms
  -   waiting for element to be visible, enabled and stable
  -   element is visible, enabled and stable
  -   scrolling into view if needed
  -   done scrolling
  -   <input value="" type="text" id="search-input" data-hp-bound="1" spellcheck="false" autocomplete="off" data-v-57548470="" placeholder="搜索小红书" class="search-input"/> intercepts pointer events
  - retrying click action, attempt #17
  -   waiting 500ms
  -   waiting for element to be visible, enabled and stable
  -   element is visible, enabled and stable
  -   scrolling into view if needed
  -   done scrolling
  -   <input value="" type="text" id="search-input" data-hp-bound="1" spellcheck="false" autocomplete="off" data-v-57548470="" placeholder="搜索小红书" class="search-input"/> intercepts pointer events
  - retrying click action, attempt #18
  -   waiting 500ms
  -   waiting for element to be visible, enabled and stable
  -   element is visible, enabled and stable
  -   scrolling into view if needed
  -   done scrolling
  -   <input value="" type="text" id="search-input" data-hp-bound="1" spellcheck="false" autocomplete="off" data-v-57548470="" placeholder="搜索小红书" class="search-input"/> intercepts pointer events
  - retrying click action, attempt #19
  -   waiting 500ms
  -   waiting for element to be visible, enabled and stable
  -   element is visible, enabled and stable
  -   scrolling into view if needed
  -   done scrolling
  -   <input value="" type="text" id="search-input" data-hp-bound="1" spellcheck="false" autocomplete="off" data-v-57548470="" placeholder="搜索小红书" class="search-input"/> intercepts pointer events
  - retrying click action, attempt #20
  -   waiting 500ms
  -   waiting for element to be visible, enabled and stable
  -   element is visible, enabled and stable
  -   scrolling into view if needed
  -   done scrolling
  -   <input value="" type="text" id="search-input" data-hp-bound="1" spellcheck="false" autocomplete="off" data-v-57548470="" placeholder="搜索小红书" class="search-input"/> intercepts pointer events
  - retrying click action, attempt #21
  -   waiting 500ms
  -   waiting for element to be visible, enabled and stable
  -   element is visible, enabled and stable
  -   scrolling into view if needed
  -   done scrolling
  -   <input value="" type="text" id="search-input" data-hp-bound="1" spellcheck="false" autocomplete="off" data-v-57548470="" placeholder="搜索小红书" class="search-input"/> intercepts pointer events
  - retrying click action, attempt #22
  -   waiting 500ms
  -   waiting for element to be visible, enabled and stable
  -   element is visible, enabled and stable
  -   scrolling into view if needed
  -   done scrolling
  -   <input value="" type="text" id="search-input" data-hp-bound="1" spellcheck="false" autocomplete="off" data-v-57548470="" placeholder="搜索小红书" class="search-input"/> intercepts pointer events
  - retrying click action, attempt #23
  -   waiting 500ms
  -   waiting for element to be visible, enabled and stable
  -   element is visible, enabled and stable
  -   scrolling into view if needed
  -   done scrolling
  -   <input value="" type="text" id="search-input" data-hp-bound="1" spellcheck="false" autocomplete="off" data-v-57548470="" placeholder="搜索小红书" class="search-input"/> intercepts pointer events
  - retrying click action, attempt #24
  -   waiting 500ms
  -   waiting for element to be visible, enabled and stable
  -   element is visible, enabled and stable
  -   scrolling into view if needed
  -   done scrolling
  -   <input value="" type="text" id="search-input" data-hp-bound="1" spellcheck="false" autocomplete="off" data-v-57548470="" placeholder="搜索小红书" class="search-input"/> intercepts pointer events
  - retrying click action, attempt #25
  -   waiting 500ms
  -   waiting for element to be visible, enabled and stable
  -   element is visible, enabled and stable
  -   scrolling into view if needed
  -   done scrolling
  -   <input value="" type="text" id="search-input" data-hp-bound="1" spellcheck="false" autocomplete="off" data-v-57548470="" placeholder="搜索小红书" class="search-input"/> intercepts pointer events
  - retrying click action, attempt #26
  -   waiting 500ms
  -   waiting for element to be visible, enabled and stable
  -   element is visible, enabled and stable
  -   scrolling into view if needed
  -   done scrolling
  -   <input value="" type="text" id="search-input" data-hp-bound="1" spellcheck="false" autocomplete="off" data-v-57548470="" placeholder="搜索小红书" class="search-input"/> intercepts pointer events
  - retrying click action, attempt #27
  -   waiting 500ms
  -   waiting for element to be visible, enabled and stable
  -   element is visible, enabled and stable
  -   scrolling into view if needed
  -   done scrolling
  -   <input value="" type="text" id="search-input" data-hp-bound="1" spellcheck="false" autocomplete="off" data-v-57548470="" placeholder="搜索小红书" class="search-input"/> intercepts pointer events
  - retrying click action, attempt #28
  -   waiting 500ms
  -   waiting for element to be visible, enabled and stable
  -   element is visible, enabled and stable
  -   scrolling into view if needed
  -   done scrolling
  -   <input value="" type="text" id="search-input" data-hp-bound="1" spellcheck="false" autocomplete="off" data-v-57548470="" placeholder="搜索小红书" class="search-input"/> intercepts pointer events
  - retrying click action, attempt #29
  -   waiting 500ms
  -   waiting for element to be visible, enabled and stable
  -   element is visible, enabled and stable
  -   scrolling into view if needed
  -   done scrolling
  -   <input value="" type="text" id="search-input" data-hp-bound="1" spellcheck="false" autocomplete="off" data-v-57548470="" placeholder="搜索小红书" class="search-input"/> intercepts pointer events
  - retrying click action, attempt #30
  -   waiting 500ms
  -   waiting for element to be visible, enabled and stable
  -   element is visible, enabled and stable
  -   scrolling into view if needed
  -   done scrolling
  -   <input value="" type="text" id="search-input" data-hp-bound="1" spellcheck="false" autocomplete="off" data-v-57548470="" placeholder="搜索小红书" class="search-input"/> intercepts pointer events
  - retrying click action, attempt #31
  -   waiting 500ms
  -   waiting for element to be visible, enabled and stable
  -   element is visible, enabled and stable
  -   scrolling into view if needed
  -   done scrolling
  -   <input value="" type="text" id="search-input" data-hp-bound="1" spellcheck="false" autocomplete="off" data-v-57548470="" placeholder="搜索小红书" class="search-input"/> intercepts pointer events
  - retrying click action, attempt #32
  -   waiting 500ms
  -   waiting for element to be visible, enabled and stable
  -   element is visible, enabled and stable
  -   scrolling into view if needed
  -   done scrolling
  -   <input value="" type="text" id="search-input" data-hp-bound="1" spellcheck="false" autocomplete="off" data-v-57548470="" placeholder="搜索小红书" class="search-input"/> intercepts pointer events
  - retrying click action, attempt #33
  -   waiting 500ms
  -   waiting for element to be visible, enabled and stable
  -   element is visible, enabled and stable
  -   scrolling into view if needed
  -   done scrolling
  -   <input value="" type="text" id="search-input" data-hp-bound="1" spellcheck="false" autocomplete="off" data-v-57548470="" placeholder="搜索小红书" class="search-input"/> intercepts pointer events
  - retrying click action, attempt #34
  -   waiting 500ms
  -   waiting for element to be visible, enabled and stable
  -   element is visible, enabled and stable
  -   scrolling into view if needed
  -   done scrolling
  -   <input value="" type="text" id="search-input" data-hp-bound="1" spellcheck="false" autocomplete="off" data-v-57548470="" placeholder="搜索小红书" class="search-input"/> intercepts pointer events
  - retrying click action, attempt #35
  -   waiting 500ms
  -   waiting for element to be visible, enabled and stable
  -   element is visible, enabled and stable
  -   scrolling into view if needed
  -   done scrolling
  -   <input value="" type="text" id="search-input" data-hp-bound="1" spellcheck="false" autocomplete="off" data-v-57548470="" placeholder="搜索小红书" class="search-input"/> intercepts pointer events
  - retrying click action, attempt #36
  -   waiting 500ms
  -   waiting for element to be visible, enabled and stable
  -   element is visible, enabled and stable
  -   scrolling into view if needed
  -   done scrolling
  -   <input value="" type="text" id="search-input" data-hp-bound="1" spellcheck="false" autocomplete="off" data-v-57548470="" placeholder="搜索小红书" class="search-input"/> intercepts pointer events
  - retrying click action, attempt #37
  -   waiting 500ms
  -   waiting for element to be visible, enabled and stable
  -   element is visible, enabled and stable
  -   scrolling into view if needed
  -   done scrolling
  -   <input value="" type="text" id="search-input" data-hp-bound="1" spellcheck="false" autocomplete="off" data-v-57548470="" placeholder="搜索小红书" class="search-input"/> intercepts pointer events
  - retrying click action, attempt #38
  -   waiting 500ms
  -   waiting for element to be visible, enabled and stable
  -   element is visible, enabled and stable
  -   scrolling into view if needed
  -   done scrolling
  -   <input value="" type="text" id="search-input" data-hp-bound="1" spellcheck="false" autocomplete="off" data-v-57548470="" placeholder="搜索小红书" class="search-input"/> intercepts pointer events
  - retrying click action, attempt #39
  -   waiting 500ms
  -   waiting for element to be visible, enabled and stable
  -   element is visible, enabled and stable
  -   scrolling into view if needed
  -   done scrolling
  -   <input value="" type="text" id="search-input" data-hp-bound="1" spellcheck="false" autocomplete="off" data-v-57548470="" placeholder="搜索小红书" class="search-input"/> intercepts pointer events
  - retrying click action, attempt #40
  -   waiting 500ms
  -   waiting for element to be visible, enabled and stable
  -   element is visible, enabled and stable
  -   scrolling into view if needed
  -   done scrolling
  -   <input value="" type="text" id="search-input" data-hp-bound="1" spellcheck="false" autocomplete="off" data-v-57548470="" placeholder="搜索小红书" class="search-input"/> intercepts pointer events
  - retrying click action, attempt #41
  -   waiting 500ms
  -   waiting for element to be visible, enabled and stable
  -   element is visible, enabled and stable
  -   scrolling into view if needed
  -   done scrolling
  -   <input value="" type="text" id="search-input" data-hp-bound="1" spellcheck="false" autocomplete="off" data-v-57548470="" placeholder="搜索小红书" class="search-input"/> intercepts pointer events
  - retrying click action, attempt #42
  -   waiting 500ms
  -   waiting for element to be visible, enabled and stable
  -   element is visible, enabled and stable
  -   scrolling into view if needed
  -   done scrolling
  -   <input value="" type="text" id="search-input" data-hp-bound="1" spellcheck="false" autocomplete="off" data-v-57548470="" placeholder="搜索小红书" class="search-input"/> intercepts pointer events
  - retrying click action, attempt #43
  -   waiting 500ms
  -   waiting for element to be visible, enabled and stable
  -   element is visible, enabled and stable
  -   scrolling into view if needed
  -   done scrolling
  -   <input value="" type="text" id="search-input" data-hp-bound="1" spellcheck="false" autocomplete="off" data-v-57548470="" placeholder="搜索小红书" class="search-input"/> intercepts pointer events
  - retrying click action, attempt #44
  -   waiting 500ms
  -   waiting for element to be visible, enabled and stable
  -   element is visible, enabled and stable
  -   scrolling into view if needed
  -   done scrolling
  -   <input value="" type="text" id="search-input" data-hp-bound="1" spellcheck="false" autocomplete="off" data-v-57548470="" placeholder="搜索小红书" class="search-input"/> intercepts pointer events
  - retrying click action, attempt #45
  -   waiting 500ms
  -   waiting for element to be visible, enabled and stable
  -   element is visible, enabled and stable
  -   scrolling into view if needed
  -   done scrolling
  -   <input value="" type="text" id="search-input" data-hp-bound="1" spellcheck="false" autocomplete="off" data-v-57548470="" placeholder="搜索小红书" class="search-input"/> intercepts pointer events
  - retrying click action, attempt #46
  -   waiting 500ms
  -   waiting for element to be visible, enabled and stable
  -   element is visible, enabled and stable
  -   scrolling into view if needed
  -   done scrolling
  -   <input value="" type="text" id="search-input" data-hp-bound="1" spellcheck="false" autocomplete="off" data-v-57548470="" placeholder="搜索小红书" class="search-input"/> intercepts pointer events
  - retrying click action, attempt #47
  -   waiting 500ms
  -   waiting for element to be visible, enabled and stable
  -   element is visible, enabled and stable
  -   scrolling into view if needed
  -   done scrolling
  -   <input value="" type="text" id="search-input" data-hp-bound="1" spellcheck="false" autocomplete="off" data-v-57548470="" placeholder="搜索小红书" class="search-input"/> intercepts pointer events
  - retrying click action, attempt #48
  -   waiting 500ms
  -   waiting for element to be visible, enabled and stable
  -   element is visible, enabled and stable
  -   scrolling into view if needed
  -   done scrolling
  -   <input value="" type="text" id="search-input" data-hp-bound="1" spellcheck="false" autocomplete="off" data-v-57548470="" placeholder="搜索小红书" class="search-input"/> intercepts pointer events
  - retrying click action, attempt #49
  -   waiting 500ms
  -   waiting for element to be visible, enabled and stable
  -   element is visible, enabled and stable
  -   scrolling into view if needed
  -   done scrolling
  -   <input value="" type="text" id="search-input" data-hp-bound="1" spellcheck="false" autocomplete="off" data-v-57548470="" placeholder="搜索小红书" class="search-input"/> intercepts pointer events
  - retrying click action, attempt #50
  -   waiting 500ms
  -   waiting for element to be visible, enabled and stable
  -   element is visible, enabled and stable
  -   scrolling into view if needed
  -   done scrolling
  -   <input value="" type="text" id="search-input" data-hp-bound="1" spellcheck="false" autocomplete="off" data-v-57548470="" placeholder="搜索小红书" class="search-input"/> intercepts pointer events
  - retrying click action, attempt #51
  -   waiting 500ms
  -   waiting for element to be visible, enabled and stable
  -   element is visible, enabled and stable
  -   scrolling into view if needed
  -   done scrolling
  -   <input value="" type="text" id="search-input" data-hp-bound="1" spellcheck="false" autocomplete="off" data-v-57548470="" placeholder="搜索小红书" class="search-input"/> intercepts pointer events
  - retrying click action, attempt #52
  -   waiting 500ms
  -   waiting for element to be visible, enabled and stable
  -   element is visible, enabled and stable
  -   scrolling into view if needed
  -   done scrolling
  -   <input value="" type="text" id="search-input" data-hp-bound="1" spellcheck="false" autocomplete="off" data-v-57548470="" placeholder="搜索小红书" class="search-input"/> intercepts pointer events
  - retrying click action, attempt #53
  -   waiting 500ms
  -   waiting for element to be visible, enabled and stable
  -   element is visible, enabled and stable
  -   scrolling into view if needed
  -   done scrolling
  -   <input value="" type="text" id="search-input" data-hp-bound="1" spellcheck="false" autocomplete="off" data-v-57548470="" placeholder="搜索小红书" class="search-input"/> intercepts pointer events
  - retrying click action, attempt #54
  -   waiting 500ms
  -   waiting for element to be visible, enabled and stable
  -   element is visible, enabled and stable
  -   scrolling into view if needed
  -   done scrolling
  -   <input value="" type="text" id="search-input" data-hp-bound="1" spellcheck="false" autocomplete="off" data-v-57548470="" placeholder="搜索小红书" class="search-input"/> intercepts pointer events
  - retrying click action, attempt #55
  -   waiting 500ms
  -   waiting for element to be visible, enabled and stable
  -   element is visible, enabled and stable
  -   scrolling into view if needed
  -   done scrolling
  -   <input value="" type="text" id="search-input" data-hp-bound="1" spellcheck="false" autocomplete="off" data-v-57548470="" placeholder="搜索小红书" class="search-input"/> intercepts pointer events
  - retrying click action, attempt #56
  -   waiting 500ms
  -   waiting for element to be visible, enabled and stable
  -   element is visible, enabled and stable
  -   scrolling into view if needed
  -   done scrolling
  -   <input value="" type="text" id="search-input" data-hp-bound="1" spellcheck="false" autocomplete="off" data-v-57548470="" placeholder="搜索小红书" class="search-input"/> intercepts pointer events
  - retrying click action, attempt #57
  -   waiting 500ms
  -   waiting for element to be visible, enabled and stable
  -   element is visible, enabled and stable
  -   scrolling into view if needed
  -   done scrolling
  -   <input value="" type="text" id="search-input" data-hp-bound="1" spellcheck="false" autocomplete="off" data-v-57548470="" placeholder="搜索小红书" class="search-input"/> intercepts pointer events
  - retrying click action, attempt #58
  -   waiting 500ms

[11:04:52.454] [SearchColl] 登录检测通过
[11:04:57.648] [SearchColl] 笔记列表出现
[11:04:57.648] [SearchColl] 点击筛选: 最新 + 一周内
[SearchCollector] 筛选完成: 最新 + 一周内
[11:05:03.471] [SearchColl] 开始滚动加载
[ScrollHelper] 滚动 2/8: 当前 18 条
[ScrollHelper] 已达目标 5 条，提前结束
[11:05:05.511] [SearchColl] 滚动加载完成
[11:05:05.511] [SearchColl] 开始提取Feeds
[11:05:05.526] [SearchColl] 提取完成，返回 17 条Feeds
[SearchCollector] 采集完成: 1/17 条（时间+去重后）
[main] 搜索采集完成: 1 条
[11:05:05.542] [NoteDetail] 创建 NoteDetailCollector
[11:05:05.546] [NoteDetail] enrich_all 开始，共 1 条
[11:05:05.645] [NoteDetail] 处理笔记 1/1: 69ec77fd0000000038037f2c
[Detail] [1/1] /search_result/69ec77fd0000000038037f2c?xsec_token=ABVf4fdSa...
[11:05:05.646] [NoteDetail]   goto: https://www.xiaohongshu.com/search_result/69ec77fd0000000038037f2c?xsec_token=AB
[11:05:06.772] [NoteDetail]   page.goto 完成
[11:05:07.073] [NoteDetail]   wait_for_selector 完成
[11:05:09.074] [NoteDetail]   开始提取详情
[11:05:09.293] [NoteDetail]   提取完成 content_len=762
[Detail] OK: 八大四小  两个老人/四个小孩（2026.2.15 天气晴 ...
[11:05:13.776] [NoteDetail]   Page 已关闭
[11:05:13.807] [NoteDetail] enrich_all 完成，返回 1 条
[main] enrichment 完成: 1 条
[main] 筛选完成: 0 条通过

=== STDERR ===
