关键词: 汕尾2天1晚行程
分组: longtail
开始时间: 2026-05-01 02:57:41
耗时: 32.6s
超时: 否
成功: 否

=== STDOUT ===
[02:57:10.580] [SearchColl] goto: 小红书首页
[02:57:17.112] [SearchColl] 搜索框已fill: 汕尾2天1晚行程
[02:57:17.714] [SearchColl] 按回车触发搜索
[02:57:22.734] [SearchColl] 搜索结果页面加载完成
[02:57:25.781] [SearchColl] 登录检测通过
[02:57:30.798] [SearchColl] 笔记列表出现
[02:57:30.799] [SearchColl] 点击筛选: 最新 + 一周内
[SearchCollector] 筛选完成: 最新 + 一周内
[02:57:36.798] [SearchColl] 开始滚动加载
[ScrollHelper] 滚动 2/8: 当前 18 条
[ScrollHelper] 已达目标 10 条，提前结束
[02:57:38.940] [SearchColl] 滚动加载完成
[02:57:38.942] [SearchColl] 开始提取Feeds
[02:57:38.965] [SearchColl] 提取完成，返回 17 条Feeds

=== STDERR ===
Traceback (most recent call last):
  File "E:\translate\claw\xhs-auto-traffic-v2\main.py", line 161, in <module>
    main()
  File "E:\translate\claw\xhs-auto-traffic-v2\main.py", line 157, in main
    run_collect(args.keyword, args.limit, headless=headless)
  File "E:\translate\claw\xhs-auto-traffic-v2\main.py", line 31, in run_collect
    feeds = collector.collect(keyword, limit=limit)
            ^^^^^^^^^^^^^^^^^^^^^^^^^^^^^^^^^^^^^^^
  File "E:\translate\claw\xhs-auto-traffic-v2\core\search_collector.py", line 300, in collect
    filtered = self._apply_light_filter(feeds)
               ^^^^^^^^^^^^^^^^^^^^^^^^^^^^^^^
  File "E:\translate\claw\xhs-auto-traffic-v2\core\search_collector.py", line 370, in _apply_light_filter
    pub_dt = parse_published_at(feed.time_text)
             ^^^^^^^^^^^^^^^^^^^^^^^^^^^^^^^^^^
  File "E:\translate\claw\xhs-auto-traffic-v2\utils\parse.py", line 72, in parse_published_at
    return now.replace(day=now.day - days, hour=0, minute=0, second=0, microsecond=0)
           ^^^^^^^^^^^^^^^^^^^^^^^^^^^^^^^^^^^^^^^^^^^^^^^^^^^^^^^^^^^^^^^^^^^^^^^^^^
ValueError: day is out of range for month
