关键词: 汕尾亲子游
分组: longtail
开始时间: 2026-04-30 11:09:06
耗时: 31.3s
超时: 否
成功: 是

=== STDOUT ===
[11:08:37.019] [SearchColl] goto: 小红书首页
[11:08:43.356] [SearchColl] 搜索框已fill: 汕尾亲子游
[11:08:43.976] [SearchColl] 按回车触发搜索
[11:08:48.994] [SearchColl] 搜索结果页面加载完成
[11:08:52.084] [SearchColl] 登录检测通过
[11:08:57.101] [SearchColl] 笔记列表出现
[11:08:57.102] [SearchColl] 点击筛选: 最新 + 一周内
[SearchCollector] 筛选完成: 最新 + 一周内
[11:09:03.048] [SearchColl] 开始滚动加载
[ScrollHelper] 滚动 2/8: 当前 18 条
[ScrollHelper] 已达目标 5 条，提前结束
[11:09:05.080] [SearchColl] 滚动加载完成
[11:09:05.080] [SearchColl] 开始提取Feeds
[11:09:05.096] [SearchColl] 提取完成，返回 17 条Feeds
[SearchCollector] 采集完成: 0/17 条（时间+去重后）
[main] 搜索采集完成: 0 条
[main] 无采集结果，退出

=== STDERR ===
