关键词: 汕尾海边民宿推荐
分组: longtail
开始时间: 2026-04-30 11:19:14
耗时: 30.9s
超时: 否
成功: 是

=== STDOUT ===
[11:18:46.171] [SearchColl] goto: https://www.xiaohongshu.com/search_result?keyword=汕尾海边民宿推荐&type=51
[11:18:48.329] [SearchColl] 页面加载完成
[11:18:51.373] [SearchColl] 登录检测通过
[11:18:56.554] [SearchColl] 笔记列表出现
[11:18:56.555] [SearchColl] 点击筛选: 最新 + 一周内
[SearchCollector] 筛选完成: 最新 + 一周内
[11:19:02.370] [SearchColl] 开始滚动加载
[ScrollHelper] 滚动 2/8: 当前 18 条
[ScrollHelper] 已达目标 10 条，提前结束
[11:19:04.506] [SearchColl] 滚动加载完成
[11:19:04.507] [SearchColl] 开始提取Feeds
[11:19:04.522] [SearchColl] 提取完成，返回 16 条Feeds
[SearchCollector] 采集完成: 1/16 条（时间+去重后）
[main] 搜索采集完成: 1 条
[11:19:04.539] [NoteDetail] 创建 NoteDetailCollector
[11:19:04.541] [NoteDetail] enrich_all 开始，共 1 条
[11:19:04.626] [NoteDetail] 处理笔记 1/1: 69f32e080000000038037c15
[Detail] [1/1] /search_result/69f32e080000000038037c15?xsec_token=ABaqDJdw0...
[11:19:04.627] [NoteDetail]   goto: https://www.xiaohongshu.com/search_result/69f32e080000000038037c15?xsec_token=AB
[11:19:05.683] [NoteDetail]   page.goto 完成
[11:19:06.881] [NoteDetail]   wait_for_selector 完成
[11:19:08.882] [NoteDetail]   开始提取详情
[11:19:08.896] [NoteDetail]   提取完成 content_len=284
[Detail] OK: ✅一开门就是海的度假感
酒店就在海边 走几步就能到沙滩🌊
阳...
[11:19:13.415] [NoteDetail]   Page 已关闭
[11:19:13.418] [NoteDetail] enrich_all 完成，返回 1 条
[main] enrichment 完成: 1 条
[main] 筛选完成: 0 条通过

=== STDERR ===
