01:41 [汕尾红海湾民宿] [INFO] [run_batch] 启动 Playwright Browser
01:41 [汕尾红海湾民宿] [INFO] [run_batch] Browser 启动成功，开始采集
01:41 [汕尾红海湾民宿] [INFO] [run_batch] 开始采集 [1/3] [longtail] 汕尾红海湾民宿
01:41 [汕尾红海湾民宿] [INFO] [run_batch] 采集完成: 3 条 Feeds
01:42 [汕尾红海湾民宿] [INFO] [run_batch] enrichment 完成: 3 条（丢弃 0 条不可见帖子）
01:42 [汕尾红海湾民宿] [DEBUG] [Detail] PASS 69fc6d5e000000001a02c163 Detail (duration=71.8s)
01:42 [汕尾红海湾民宿] [DEBUG] [Detail] PASS 69fc613a0000000035032f7a Detail (duration=71.8s)
01:42 [汕尾红海湾民宿] [DEBUG] [Detail] PASS 69fc5744000000003502e87b Detail (duration=71.9s)
01:42 [汕尾红海湾民宿] [DEBUG] [Filter] FAIL 69fc6d5e000000001a02c163 Filter 纯分享攻略贴 (duration=71.9s)
01:42 [汕尾红海湾民宿] [DEBUG] [Filter] FAIL 69fc613a0000000035032f7a Filter 纯分享攻略贴 (duration=71.9s)
01:42 [汕尾红海湾民宿] [DEBUG] [Filter] FAIL 69fc5744000000003502e87b Filter 找搭子/旅游同伴 (duration=71.9s)
01:42 [汕尾红海湾民宿] [INFO] [run_batch] 筛选完成: 0/3 条通过
01:42 [汕尾红海湾民宿] [INFO] [run_batch] 复查完成: 0 条终审通过
01:42 [汕尾红海湾民宿] [INFO] [run_batch] ✅ 完成，耗时 71.9s
01:42 [汕尾红海湾民宿] [INFO] [run_batch] 休息 5s...
13:20 [汕尾红海湾民宿] [INFO] [run_batch] 启动 Playwright Browser
13:20 [汕尾红海湾民宿] [INFO] [run_batch] Browser 启动成功，开始采集
13:20 [汕尾红海湾民宿] [INFO] [run_batch] 开始采集 [1/3] [longtail] 汕尾红海湾民宿
13:21 [汕尾红海湾民宿] [INFO] [run_batch] 采集完成: 7 条 Feeds
13:22 [汕尾红海湾民宿] [INFO] [run_batch] enrichment 完成: 7 条（丢弃 0 条不可见帖子）
13:22 [汕尾红海湾民宿] [DEBUG] [Detail] PASS 69fd72b40000000035027213 Detail (duration=151.3s)
13:22 [汕尾红海湾民宿] [DEBUG] [Detail] PASS 69fd5dc500000000380232a3 Detail (duration=151.3s)
13:22 [汕尾红海湾民宿] [DEBUG] [Detail] PASS 69fcc57d000000001e00d145 Detail (duration=151.3s)
13:22 [汕尾红海湾民宿] [DEBUG] [Detail] PASS 69fcb54c0000000020039c71 Detail (duration=151.3s)
13:22 [汕尾红海湾民宿] [DEBUG] [Detail] PASS 69fcaff300000000360184e4 Detail (duration=151.3s)
13:22 [汕尾红海湾民宿] [DEBUG] [Detail] PASS 69fca8d800000000350275d3 Detail (duration=151.3s)
13:22 [汕尾红海湾民宿] [DEBUG] [Detail] PASS 69fbebd6000000001f007bc7 Detail (duration=151.3s)
13:22 [汕尾红海湾民宿] [DEBUG] [Filter] FAIL 69fd72b40000000035027213 Filter 找搭子/旅游同伴 (duration=151.3s)
13:22 [汕尾红海湾民宿] [DEBUG] [Filter] FAIL 69fd5dc500000000380232a3 Filter 无明确需求 (duration=151.3s)
13:22 [汕尾红海湾民宿] [DEBUG] [Filter] FAIL 69fcc57d000000001e00d145 Filter 纯分享攻略贴 (duration=151.3s)
13:22 [汕尾红海湾民宿] [DEBUG] [Filter] FAIL 69fcb54c0000000020039c71 Filter 找搭子/旅游同伴 (duration=151.3s)
13:22 [汕尾红海湾民宿] [DEBUG] [Filter] FAIL 69fcaff300000000360184e4 Filter 无明确需求 (duration=151.4s)
13:22 [汕尾红海湾民宿] [DEBUG] [Filter] FAIL 69fca8d800000000350275d3 Filter 非目标地域 (duration=151.4s)
13:22 [汕尾红海湾民宿] [DEBUG] [Filter] FAIL 69fbebd6000000001f007bc7 Filter 非目标地域 (duration=151.4s)
13:22 [汕尾红海湾民宿] [INFO] [run_batch] 筛选完成: 0/7 条通过
13:22 [汕尾红海湾民宿] [INFO] [run_batch] 复查完成: 0 条终审通过
13:22 [汕尾红海湾民宿] [INFO] [run_batch] ✅ 完成，耗时 151.4s
13:22 [汕尾红海湾民宿] [INFO] [run_batch] 休息 5s...
