关键词: 汕尾美食推荐
分组: core
开始时间: 2026-04-30 11:07:56
耗时: 55.5s
超时: 否
成功: 是

=== STDOUT ===
[11:07:02.529] [SearchColl] goto: https://www.xiaohongshu.com/search_result?keyword=汕尾美食推荐&type=51
[11:07:03.694] [SearchColl] 页面加载完成
[11:07:06.729] [SearchColl] 登录检测通过
[11:07:11.995] [SearchColl] 笔记列表出现
[11:07:11.996] [SearchColl] 点击筛选: 最新 + 一周内
[SearchCollector] 筛选完成: 最新 + 一周内
[11:07:17.834] [SearchColl] 开始滚动加载
[ScrollHelper] 滚动 2/8: 当前 18 条
[ScrollHelper] 已达目标 10 条，提前结束
[11:07:19.871] [SearchColl] 滚动加载完成
[11:07:19.872] [SearchColl] 开始提取Feeds
[11:07:19.886] [SearchColl] 提取完成，返回 17 条Feeds
[SearchCollector] 采集完成: 4/17 条（时间+去重后）
[main] 搜索采集完成: 4 条
[11:07:19.894] [NoteDetail] 创建 NoteDetailCollector
[11:07:19.896] [NoteDetail] enrich_all 开始，共 4 条
[11:07:19.984] [NoteDetail] 处理笔记 1/4: 69ee9fab0000000038034fba
[Detail] [1/4] /search_result/69ee9fab0000000038034fba?xsec_token=AB3ZZo9HB...
[11:07:19.986] [NoteDetail]   goto: https://www.xiaohongshu.com/search_result/69ee9fab0000000038034fba?xsec_token=AB
[11:07:20.865] [NoteDetail]   page.goto 完成
[11:07:22.498] [NoteDetail]   wait_for_selector 完成
[11:07:24.499] [NoteDetail]   开始提取详情
[11:07:24.512] [NoteDetail]   提取完成 content_len=253
[Detail] OK: 周末逃离深圳，i人独自勇闯汕尾！
大家来汕尾玩的话 请一定要...
[11:07:27.697] [NoteDetail]   Page 已关闭
[11:07:27.800] [NoteDetail] 处理笔记 2/4: 69f37e56000000002202928d
[Detail] [2/4] /search_result/69f37e56000000002202928d?xsec_token=ABaqDJdw0...
[11:07:27.800] [NoteDetail]   goto: https://www.xiaohongshu.com/search_result/69f37e56000000002202928d?xsec_token=AB
[11:07:28.686] [NoteDetail]   page.goto 完成
[11:07:29.759] [NoteDetail]   wait_for_selector 完成
[11:07:31.760] [NoteDetail]   开始提取详情
[11:07:31.773] [NoteDetail]   提取完成 content_len=33
[Detail] OK: 有本地人推荐美食嘛！！最近天气怎么样呀
#汕尾 #汕尾旅行 ...
[11:07:36.365] [NoteDetail]   Page 已关闭
[11:07:36.466] [NoteDetail] 处理笔记 3/4: 69f37dfe0000000035026fa6
[Detail] [3/4] /search_result/69f37dfe0000000035026fa6?xsec_token=ABaqDJdw0...
[11:07:36.467] [NoteDetail]   goto: https://www.xiaohongshu.com/search_result/69f37dfe0000000035026fa6?xsec_token=AB
[11:07:37.313] [NoteDetail]   page.goto 完成
[11:07:38.375] [NoteDetail]   wait_for_selector 完成
[11:07:40.376] [NoteDetail]   开始提取详情
[11:07:40.388] [NoteDetail]   提取完成 content_len=135
[Detail] OK: 五一来旅游的真的值得来试试这碗鼎溜粿！！
📍位置：新城二街（...
[11:07:44.943] [NoteDetail]   Page 已关闭
[11:07:45.058] [NoteDetail] 处理笔记 4/4: 69f37de4000000003600348f
[Detail] [4/4] /search_result/69f37de4000000003600348f?xsec_token=ABaqDJdw0...
[11:07:45.058] [NoteDetail]   goto: https://www.xiaohongshu.com/search_result/69f37de4000000003600348f?xsec_token=AB
[11:07:45.936] [NoteDetail]   page.goto 完成
[11:07:47.106] [NoteDetail]   wait_for_selector 完成
[11:07:49.108] [NoteDetail]   开始提取详情
[11:07:49.126] [NoteDetail]   提取完成 content_len=233
[Detail] OK: #艺起打卡五一 #武艺 #我的武艺DNA动了
给推荐汕尾的美...
[11:07:52.896] [NoteDetail]   Page 已关闭
[11:07:52.910] [NoteDetail] enrich_all 完成，返回 4 条
[main] enrichment 完成: 4 条
[main] 筛选完成: 1 条通过
[FeishuOutput] 待写入 1 条
[Feishu] 当前表格已有 0 条记录
[Feishu] [69f37e56000000002202928d] 写入成功: 有本地人推荐美食嘛！！最近天气怎么样呀
#汕尾 #汕尾旅行 
[Feishu] 完成: 写入 1，跳过 0，失败 0
[FeishuOutput] 写入完成: 写入 1，跳过 0，失败 0
[main] 飞书写入完成: 1 条

=== STDERR ===
