关键词: 汕尾红海湾攻略
分组: longtail
开始时间: 2026-04-30 10:33:24
耗时: 29.6s
超时: 否
成功: 是

=== STDOUT ===
[10:32:56.946] [SearchColl] goto: https://www.xiaohongshu.com/search_result?keyword=汕尾红海湾攻略&type=51
[10:32:58.133] [SearchColl] 页面加载完成
[10:33:01.179] [SearchColl] 登录检测通过
[10:33:06.381] [SearchColl] 笔记列表出现
[10:33:06.382] [SearchColl] 点击筛选: 最新 + 一周内
[SearchCollector] 筛选完成: 最新 + 一周内
[10:33:12.210] [SearchColl] 开始滚动加载
[ScrollHelper] 滚动 2/8: 当前 18 条
[ScrollHelper] 已达目标 10 条，提前结束
[10:33:14.250] [SearchColl] 滚动加载完成
[10:33:14.250] [SearchColl] 开始提取Feeds
[10:33:14.266] [SearchColl] 提取完成，返回 17 条Feeds
[SearchCollector] 采集完成: 1/17 条（时间+去重后）
[main] 搜索采集完成: 1 条
[10:33:14.272] [NoteDetail] 创建 NoteDetailCollector
[10:33:14.274] [NoteDetail] enrich_all 开始，共 1 条
[10:33:14.361] [NoteDetail] 处理笔记 1/1: 69ecc0f500000000350292b0
[Detail] [1/1] /search_result/69ecc0f500000000350292b0?xsec_token=ABVf4fdSa...
[10:33:14.361] [NoteDetail]   goto: https://www.xiaohongshu.com/search_result/69ecc0f500000000350292b0?xsec_token=AB
[10:33:15.237] [NoteDetail]   page.goto 完成
[10:33:16.378] [NoteDetail]   wait_for_selector 完成
[10:33:18.380] [NoteDetail]   开始提取详情
[10:33:18.394] [NoteDetail]   提取完成 content_len=48
[Detail] WARN: 正文仅为 hashtag（笔记可能无法访问），用搜索页标题降级
[Detail] OK: 汕尾红海湾｜白天看日落｜夜晚看烟火人间～...
[10:33:23.201] [NoteDetail]   Page 已关闭
[10:33:23.232] [NoteDetail] enrich_all 完成，返回 1 条
[main] enrichment 完成: 1 条
[main] 筛选完成: 0 条通过

=== STDERR ===
