关键词: 汕尾美食推荐
分组: core
开始时间: 2026-04-30 11:18:07
耗时: 21.8s
超时: 否
成功: 是

=== STDOUT ===
[11:17:47.531] [SearchColl] goto: https://www.xiaohongshu.com/search_result?keyword=汕尾美食推荐&type=51
[11:17:48.859] [SearchColl] 页面加载完成
[11:17:51.905] [SearchColl] 登录检测通过
[11:17:57.173] [SearchColl] 笔记列表出现
[11:17:57.174] [SearchColl] 点击筛选: 最新 + 一周内
[SearchCollector] 筛选完成: 最新 + 一周内
[11:18:03.055] [SearchColl] 开始滚动加载
[ScrollHelper] 滚动 2/8: 当前 18 条
[ScrollHelper] 已达目标 10 条，提前结束
[11:18:05.093] [SearchColl] 滚动加载完成
[11:18:05.093] [SearchColl] 开始提取Feeds
[11:18:05.108] [SearchColl] 提取完成，返回 17 条Feeds
[SearchCollector] 采集完成: 0/17 条（时间+去重后）
[main] 搜索采集完成: 0 条
[main] 无采集结果，退出

=== STDERR ===
