关键词: 汕尾旅游攻略
分组: core
开始时间: 2026-04-30 11:20:49
耗时: 37.8s
超时: 否
成功: 是

=== STDOUT ===
[11:20:13.091] [SearchColl] goto: 小红书首页
[11:20:19.352] [SearchColl] 搜索框已fill: 汕尾旅游攻略
[11:20:20.006] [SearchColl] 按回车触发搜索
[11:20:25.027] [SearchColl] 搜索结果页面加载完成
[11:20:28.063] [SearchColl] 登录检测通过
[11:20:33.079] [SearchColl] 笔记列表出现
[11:20:33.080] [SearchColl] 点击筛选: 最新 + 一周内
[SearchCollector] 筛选完成: 最新 + 一周内
[11:20:39.034] [SearchColl] 开始滚动加载
[ScrollHelper] 滚动 2/8: 当前 18 条
[ScrollHelper] 已达目标 10 条，提前结束
[11:20:41.069] [SearchColl] 滚动加载完成
[11:20:41.069] [SearchColl] 开始提取Feeds
[11:20:41.084] [SearchColl] 提取完成，返回 17 条Feeds
[SearchCollector] 采集完成: 1/17 条（时间+去重后）
[main] 搜索采集完成: 1 条
[11:20:41.099] [NoteDetail] 创建 NoteDetailCollector
[11:20:41.101] [NoteDetail] enrich_all 开始，共 1 条
[11:20:41.189] [NoteDetail] 处理笔记 1/1: 69ed793e0000000035022c92
[Detail] [1/1] /search_result/69ed793e0000000035022c92?xsec_token=ABEr0hNps...
[11:20:41.189] [NoteDetail]   goto: https://www.xiaohongshu.com/search_result/69ed793e0000000035022c92?xsec_token=AB
[11:20:42.199] [NoteDetail]   page.goto 完成
[11:20:42.253] [NoteDetail]   wait_for_selector 完成
[11:20:44.254] [NoteDetail]   开始提取详情
[11:20:44.267] [NoteDetail]   提取完成 content_len=353
[Detail] OK: ｜汕尾被低估的玩法！在可塘珠宝夜市躺平太治愈了
汕尾真的太宝...
[11:20:47.596] [NoteDetail]   Page 已关闭
[11:20:47.610] [NoteDetail] enrich_all 完成，返回 1 条
[main] enrichment 完成: 1 条
[main] 筛选完成: 0 条通过

=== STDERR ===
