20:03 [汕尾美食] [INFO] [run_batch] 启动 Playwright Browser
20:03 [汕尾美食] [INFO] [run_batch] Browser 启动成功，开始采集
20:03 [汕尾美食] [INFO] [run_batch] 开始采集 [1/3] [core] 汕尾美食
20:03 [汕尾美食] [INFO] [run_batch] 采集完成: 8 条 Feeds
20:06 [汕尾美食] [INFO] [run_batch] enrichment 完成: 8 条（丢弃 0 条不可见帖子）
20:06 [汕尾美食] [DEBUG] [Detail] PASS 69fdd03800000000360013e9 Detail (duration=169.2s)
20:06 [汕尾美食] [DEBUG] [Detail] PASS 69fdcc750000000035031530 Detail (duration=169.3s)
20:06 [汕尾美食] [DEBUG] [Detail] PASS 69fdcc2a000000001e00dbea Detail (duration=169.3s)
20:06 [汕尾美食] [DEBUG] [Detail] PASS 69fdc904000000003701d70f Detail (duration=169.3s)
20:06 [汕尾美食] [DEBUG] [Detail] PASS 69fdc4c4000000003501d002 Detail (duration=169.3s)
20:06 [汕尾美食] [DEBUG] [Detail] PASS 69fdbe930000000022025906 Detail (duration=169.3s)
20:06 [汕尾美食] [DEBUG] [Detail] PASS 69fdaa610000000038021ab4 Detail (duration=169.3s)
20:06 [汕尾美食] [DEBUG] [Detail] PASS 69fda67d000000003501d67d Detail (duration=169.3s)
20:06 [汕尾美食] [DEBUG] [Filter] FAIL 69fdd03800000000360013e9 Filter 无明确需求 (duration=169.3s)
20:06 [汕尾美食] [DEBUG] [Filter] FAIL 69fdcc750000000035031530 Filter 无明确需求 (duration=169.3s)
20:06 [汕尾美食] [DEBUG] [Filter] FAIL 69fdcc2a000000001e00dbea Filter 纯分享攻略贴 (duration=169.4s)
20:06 [汕尾美食] [DEBUG] [Filter] FAIL 69fdc904000000003701d70f Filter 纯分享攻略贴 (duration=169.4s)
20:06 [汕尾美食] [DEBUG] [Filter] FAIL 69fdc4c4000000003501d002 Filter 无明确需求 (duration=169.4s)
20:06 [汕尾美食] [DEBUG] [Filter] FAIL 69fdbe930000000022025906 Filter 无明确需求 (duration=169.4s)
20:06 [汕尾美食] [DEBUG] [Filter] FAIL 69fdaa610000000038021ab4 Filter 无明确需求 (duration=169.4s)
20:06 [汕尾美食] [DEBUG] [Filter] FAIL 69fda67d000000003501d67d Filter 无明确需求 (duration=169.5s)
20:06 [汕尾美食] [INFO] [run_batch] 筛选完成: 0/8 条通过
20:06 [汕尾美食] [INFO] [run_batch] 复查完成: 0 条终审通过
20:06 [汕尾美食] [INFO] [run_batch] ✅ 完成，耗时 169.5s
20:06 [汕尾美食] [INFO] [run_batch] 休息 5s...
21:40 [汕尾美食] [INFO] [run_batch] 启动 Playwright Browser
21:40 [汕尾美食] [INFO] [run_batch] Browser 启动成功，开始采集
21:40 [汕尾美食] [INFO] [run_batch] 开始采集 [1/3] [core] 汕尾美食
21:41 [汕尾美食] [INFO] [run_batch] 采集完成: 5 条 Feeds
