19:40 [汕尾去哪吃] [INFO] [run_batch] 启动 Playwright Browser
19:40 [汕尾去哪吃] [INFO] [run_batch] Browser 启动成功，开始采集
19:40 [汕尾去哪吃] [INFO] [run_batch] 开始采集 [1/3] [core] 汕尾去哪吃
19:41 [汕尾去哪吃] [INFO] [run_batch] 采集完成: 10 条 Feeds
19:44 [汕尾去哪吃] [INFO] [run_batch] enrichment 完成: 10 条（丢弃 0 条不可见帖子）
19:44 [汕尾去哪吃] [DEBUG] [Detail] PASS 69fa8e4600000000360338e1 Detail (duration=208.0s)
19:44 [汕尾去哪吃] [DEBUG] [Detail] PASS 69fa2dde0000000023004084 Detail (duration=208.0s)
19:44 [汕尾去哪吃] [DEBUG] [Detail] PASS 69fdc9d000000000350230e9 Detail (duration=208.0s)
19:44 [汕尾去哪吃] [DEBUG] [Detail] PASS 69fdb7d9000000003501c591 Detail (duration=208.0s)
19:44 [汕尾去哪吃] [DEBUG] [Detail] PASS 69fdb54a00000000230052e7 Detail (duration=208.0s)
19:44 [汕尾去哪吃] [DEBUG] [Detail] PASS 69fdafde00000000360198f8 Detail (duration=208.0s)
19:44 [汕尾去哪吃] [DEBUG] [Detail] PASS 69fdadf80000000036018c84 Detail (duration=208.0s)
19:44 [汕尾去哪吃] [DEBUG] [Detail] PASS 69fda9c30000000036002f4b Detail (duration=208.0s)
19:44 [汕尾去哪吃] [DEBUG] [Detail] PASS 69fda455000000003501c82d Detail (duration=208.0s)
19:44 [汕尾去哪吃] [DEBUG] [Detail] PASS 69fc6e75000000003701f549 Detail (duration=208.0s)
19:44 [汕尾去哪吃] [DEBUG] [Filter] FAIL 69fa8e4600000000360338e1 Filter 纯分享攻略贴 (duration=208.0s)
19:44 [汕尾去哪吃] [DEBUG] [Filter] FAIL 69fa2dde0000000023004084 Filter 找搭子/旅游同伴 (duration=208.1s)
19:44 [汕尾去哪吃] [DEBUG] [Filter] FAIL 69fdc9d000000000350230e9 Filter 纯分享攻略贴 (duration=208.1s)
19:44 [汕尾去哪吃] [DEBUG] [Filter] FAIL 69fdb7d9000000003501c591 Filter 无明确需求 (duration=208.1s)
19:44 [汕尾去哪吃] [DEBUG] [Filter] FAIL 69fdb54a00000000230052e7 Filter 无明确需求 (duration=208.1s)
19:44 [汕尾去哪吃] [DEBUG] [Filter] FAIL 69fdafde00000000360198f8 Filter 找搭子/旅游同伴 (duration=208.1s)
19:44 [汕尾去哪吃] [DEBUG] [Filter] PASS 69fdadf80000000036018c84 Filter (reasons=ask)
19:44 [汕尾去哪吃] [DEBUG] [Filter] FAIL 69fda9c30000000036002f4b Filter 纯分享攻略贴 (duration=208.2s)
19:44 [汕尾去哪吃] [DEBUG] [Filter] FAIL 69fda455000000003501c82d Filter 无明确需求 (duration=208.2s)
19:44 [汕尾去哪吃] [DEBUG] [Filter] FAIL 69fc6e75000000003701f549 Filter 广告:开业 (duration=208.2s)
19:44 [汕尾去哪吃] [INFO] [run_batch] 筛选完成: 1/10 条通过
19:44 [汕尾去哪吃] [DEBUG] [Review] PASS 69fdadf80000000036018c84 Review
19:44 [汕尾去哪吃] [INFO] [run_batch] 复查完成: 1 条终审通过
19:44 [汕尾去哪吃] [INFO] [run_batch] 飞书写入完成
19:44 [汕尾去哪吃] [INFO] [run_batch] ✅ 完成，耗时 211.1s
19:44 [汕尾去哪吃] [INFO] [run_batch] 休息 5s...
21:20 [汕尾去哪吃] [INFO] [run_batch] 启动 Playwright Browser
21:20 [汕尾去哪吃] [INFO] [run_batch] Browser 启动成功，开始采集
21:20 [汕尾去哪吃] [INFO] [run_batch] 开始采集 [1/3] [core] 汕尾去哪吃
21:20 [汕尾去哪吃] [INFO] [run_batch] 采集完成: 5 条 Feeds
21:22 [汕尾去哪吃] [INFO] [run_batch] enrichment 完成: 5 条（丢弃 0 条不可见帖子）
21:22 [汕尾去哪吃] [DEBUG] [Detail] PASS 69fde080000000003601d9d9 Detail (duration=118.0s)
21:22 [汕尾去哪吃] [DEBUG] [Detail] PASS 69fddb77000000001e00ee77 Detail (duration=118.0s)
21:22 [汕尾去哪吃] [DEBUG] [Detail] PASS 69fdd1780000000038020848 Detail (duration=118.0s)
21:22 [汕尾去哪吃] [DEBUG] [Detail] PASS 69fc855400000000350269e5 Detail (duration=118.0s)
21:22 [汕尾去哪吃] [DEBUG] [Detail] PASS 69fd92f0000000003603363d Detail (duration=118.0s)
21:22 [汕尾去哪吃] [DEBUG] [Filter] FAIL 69fde080000000003601d9d9 Filter 无明确需求 (duration=118.0s)
21:22 [汕尾去哪吃] [DEBUG] [Filter] FAIL 69fddb77000000001e00ee77 Filter 商家账号 (duration=118.0s)
21:22 [汕尾去哪吃] [DEBUG] [Filter] FAIL 69fdd1780000000038020848 Filter 纯分享攻略贴 (duration=118.0s)
21:22 [汕尾去哪吃] [DEBUG] [Filter] FAIL 69fc855400000000350269e5 Filter 民宿商家推广 (duration=118.0s)
21:22 [汕尾去哪吃] [DEBUG] [Filter] FAIL 69fd92f0000000003603363d Filter 无明确需求 (duration=118.1s)
21:22 [汕尾去哪吃] [INFO] [run_batch] 筛选完成: 0/5 条通过
21:22 [汕尾去哪吃] [INFO] [run_batch] 复查完成: 0 条终审通过
21:22 [汕尾去哪吃] [INFO] [run_batch] ✅ 完成，耗时 118.1s
21:22 [汕尾去哪吃] [INFO] [run_batch] 休息 5s...
