关键词: 汕尾旅游
分组: core
开始时间: 2026-04-30 10:34:17
耗时: 56.5s
超时: 否
成功: 是

=== STDOUT ===
[10:33:22.883] [SearchColl] goto: 小红书首页
[10:33:28.990] [SearchColl] 搜索框已fill: 汕尾旅游
[10:33:29.535] [SearchColl] 按回车触发搜索
[10:33:34.553] [SearchColl] 搜索结果页面加载完成
[10:33:37.818] [SearchColl] 登录检测通过
[10:33:42.834] [SearchColl] 笔记列表出现
[10:33:42.835] [SearchColl] 点击筛选: 最新 + 一周内
[SearchCollector] 筛选完成: 最新 + 一周内
[10:33:48.848] [SearchColl] 开始滚动加载
[ScrollHelper] 滚动 2/8: 当前 18 条
[ScrollHelper] 已达目标 10 条，提前结束
[10:33:50.884] [SearchColl] 滚动加载完成
[10:33:50.884] [SearchColl] 开始提取Feeds
[10:33:50.899] [SearchColl] 提取完成，返回 17 条Feeds
[SearchCollector] 采集完成: 3/17 条（时间+去重后）
[main] 搜索采集完成: 3 条
[10:33:50.917] [NoteDetail] 创建 NoteDetailCollector
[10:33:50.920] [NoteDetail] enrich_all 开始，共 3 条
[10:33:51.010] [NoteDetail] 处理笔记 1/3: 69ef6971000000001f0010f9
[Detail] [1/3] /search_result/69ef6971000000001f0010f9?xsec_token=ABO6-Khbl...
[10:33:51.011] [NoteDetail]   goto: https://www.xiaohongshu.com/search_result/69ef6971000000001f0010f9?xsec_token=AB
[10:33:51.936] [NoteDetail]   page.goto 完成
[10:33:52.956] [NoteDetail]   wait_for_selector 完成
[10:33:54.957] [NoteDetail]   开始提取详情
[10:33:54.971] [NoteDetail]   提取完成 content_len=55
[Detail] WARN: 正文仅为 hashtag（笔记可能无法访问），用搜索页标题降级
[Detail] OK: 汕尾网红出片打卡地...
[10:33:58.610] [NoteDetail]   Page 已关闭
[10:33:58.709] [NoteDetail] 处理笔记 2/3: 69ef0f040000000023004219
[Detail] [2/3] /search_result/69ef0f040000000023004219?xsec_token=ABO6-Khbl...
[10:33:58.709] [NoteDetail]   goto: https://www.xiaohongshu.com/search_result/69ef0f040000000023004219?xsec_token=AB
[10:33:59.913] [NoteDetail]   page.goto 完成
[10:34:01.181] [NoteDetail]   wait_for_selector 完成
[10:34:03.183] [NoteDetail]   开始提取详情
[10:34:03.197] [NoteDetail]   提取完成 content_len=698
[Detail] OK: 🛵 五一来汕尾，别再只挤金町湾了！
被本地朋友带着走了一圈，...
[10:34:07.228] [NoteDetail]   Page 已关闭
[10:34:07.335] [NoteDetail] 处理笔记 3/3: 69eebf59000000003700f47d
[Detail] [3/3] /search_result/69eebf59000000003700f47d?xsec_token=AB3ZZo9HB...
[10:34:07.336] [NoteDetail]   goto: https://www.xiaohongshu.com/search_result/69eebf59000000003700f47d?xsec_token=AB
[10:34:08.250] [NoteDetail]   page.goto 完成
[10:34:09.337] [NoteDetail]   wait_for_selector 完成
[10:34:11.339] [NoteDetail]   开始提取详情
[10:34:11.352] [NoteDetail]   提取完成 content_len=78
[Detail] OK: #汕尾红海湾 #红海湾 #后澳玻璃海 #落日咖啡 #广东看海...
[10:34:15.910] [NoteDetail]   Page 已关闭
[10:34:15.941] [NoteDetail] enrich_all 完成，返回 3 条
[main] enrichment 完成: 3 条
[main] 筛选完成: 0 条通过

=== STDERR ===
