关键词: 汕尾住宿推荐
分组: core
开始时间: 2026-04-30 11:23:04
耗时: 31.3s
超时: 否
成功: 是

=== STDOUT ===
[11:22:34.760] [SearchColl] goto: 小红书首页
[11:22:40.969] [SearchColl] 搜索框已fill: 汕尾住宿推荐
[11:22:41.511] [SearchColl] 按回车触发搜索
[11:22:46.529] [SearchColl] 搜索结果页面加载完成
[11:22:49.697] [SearchColl] 登录检测通过
[11:22:54.713] [SearchColl] 笔记列表出现
[11:22:54.714] [SearchColl] 点击筛选: 最新 + 一周内
[SearchCollector] 筛选完成: 最新 + 一周内
[11:23:00.655] [SearchColl] 开始滚动加载
[ScrollHelper] 滚动 2/8: 当前 18 条
[ScrollHelper] 已达目标 10 条，提前结束
[11:23:02.695] [SearchColl] 滚动加载完成
[11:23:02.695] [SearchColl] 开始提取Feeds
[11:23:02.712] [SearchColl] 提取完成，返回 16 条Feeds
[SearchCollector] 采集完成: 0/16 条（时间+去重后）
[main] 搜索采集完成: 0 条
[main] 无采集结果，退出

=== STDERR ===
