12:40 [汕尾去哪吃] [INFO] [run_batch] 启动 Playwright Browser
12:40 [汕尾去哪吃] [INFO] [run_batch] Browser 启动成功，开始采集
12:40 [汕尾去哪吃] [INFO] [run_batch] 开始采集 [1/3] [core] 汕尾去哪吃
12:41 [汕尾去哪吃] [INFO] [run_batch] 采集完成: 9 条 Feeds
12:45 [汕尾去哪吃] [INFO] [run_batch] enrichment 完成: 9 条（丢弃 0 条不可见帖子）
12:45 [汕尾去哪吃] [DEBUG] [Detail] PASS 69f8da5d000000003601d214 Detail (duration=294.2s)
12:45 [汕尾去哪吃] [DEBUG] [Detail] FAIL 69f8c4cb0000000022026e2b Detail 内容为空 (duration=294.2s)
12:45 [汕尾去哪吃] [DEBUG] [Detail] PASS 69feb9dc000000003601afd5 Detail (duration=294.2s)
12:45 [汕尾去哪吃] [DEBUG] [Detail] PASS 69feb3a40000000022028d32 Detail (duration=294.2s)
12:45 [汕尾去哪吃] [DEBUG] [Detail] PASS 69feb13a00000000360184ec Detail (duration=294.2s)
12:45 [汕尾去哪吃] [DEBUG] [Detail] PASS 69feac19000000001f003786 Detail (duration=294.2s)
12:45 [汕尾去哪吃] [DEBUG] [Detail] PASS 69feab75000000003502e2e7 Detail (duration=294.2s)
12:45 [汕尾去哪吃] [DEBUG] [Detail] PASS 69fea89f00000000220296e8 Detail (duration=294.2s)
12:45 [汕尾去哪吃] [DEBUG] [Detail] PASS 69fea803000000003601912d Detail (duration=294.3s)
12:45 [汕尾去哪吃] [DEBUG] [Filter] FAIL 69f8da5d000000003601d214 Filter 无明确需求 (duration=294.3s)
12:45 [汕尾去哪吃] [DEBUG] [Filter] PASS 69f8c4cb0000000022026e2b Filter (reasons=正文内容可能在图片中)
12:45 [汕尾去哪吃] [DEBUG] [Filter] FAIL 69feb9dc000000003601afd5 Filter 无明确需求 (duration=294.3s)
12:45 [汕尾去哪吃] [DEBUG] [Filter] FAIL 69feb3a40000000022028d32 Filter 找搭子/旅游同伴 (duration=294.3s)
12:45 [汕尾去哪吃] [DEBUG] [Filter] FAIL 69feb13a00000000360184ec Filter 跨城市蹭流量(汕头) (duration=294.3s)
12:45 [汕尾去哪吃] [DEBUG] [Filter] FAIL 69feac19000000001f003786 Filter 纯分享攻略贴 (duration=294.4s)
12:45 [汕尾去哪吃] [DEBUG] [Filter] FAIL 69feab75000000003502e2e7 Filter 纯分享攻略贴 (duration=294.4s)
12:45 [汕尾去哪吃] [DEBUG] [Filter] PASS 69fea89f00000000220296e8 Filter (reasons=ask)
12:45 [汕尾去哪吃] [DEBUG] [Filter] FAIL 69fea803000000003601912d Filter 纯分享攻略贴 (duration=294.4s)
12:45 [汕尾去哪吃] [INFO] [run_batch] 筛选完成: 2/9 条通过
12:45 [汕尾去哪吃] [DEBUG] [Review] PASS 69f8c4cb0000000022026e2b Review
12:45 [汕尾去哪吃] [DEBUG] [Review] PASS 69fea89f00000000220296e8 Review
12:45 [汕尾去哪吃] [INFO] [run_batch] 复查完成: 2 条终审通过
12:45 [汕尾去哪吃] [INFO] [run_batch] 飞书写入完成
12:45 [汕尾去哪吃] [INFO] [run_batch] ✅ 完成，耗时 299.0s
12:45 [汕尾去哪吃] [INFO] [run_batch] 休息 5s...
