关键词: 汕尾去哪住
分组: core
开始时间: 2026-04-30 10:46:54
耗时: 31.7s
超时: 否
成功: 是

=== STDOUT ===
[10:46:24.608] [SearchColl] goto: https://www.xiaohongshu.com/search_result?keyword=汕尾去哪住&type=51
[10:46:36.839] [SearchColl] 页面加载完成
[10:46:39.960] [SearchColl] 登录检测通过
[10:46:45.115] [SearchColl] 笔记列表出现
[10:46:45.117] [SearchColl] 点击筛选: 最新 + 一周内
[SearchCollector] 筛选完成: 最新 + 一周内
[10:46:50.966] [SearchColl] 开始滚动加载
[ScrollHelper] 滚动 2/8: 当前 18 条
[ScrollHelper] 已达目标 10 条，提前结束
[10:46:53.006] [SearchColl] 滚动加载完成
[10:46:53.006] [SearchColl] 开始提取Feeds
[10:46:53.021] [SearchColl] 提取完成，返回 17 条Feeds
[SearchCollector] 采集完成: 0/17 条（时间+去重后）
[main] 搜索采集完成: 0 条
[main] 无采集结果，退出

=== STDERR ===
