关键词: 深圳到汕尾自驾住哪
分组: longtail
开始时间: 2026-04-30 11:22:24
耗时: 6.3s
超时: 否
成功: 否

=== STDOUT ===
[11:22:20.079] [SearchColl] goto: https://www.xiaohongshu.com/search_result?keyword=深圳到汕尾自驾住哪&type=51
[11:22:21.686] [SearchColl] 页面加载完成

=== STDERR ===
Traceback (most recent call last):
  File "E:\translate\claw\xhs-auto-traffic-v2\main.py", line 161, in <module>
    main()
  File "E:\translate\claw\xhs-auto-traffic-v2\main.py", line 157, in main
    run_collect(args.keyword, args.limit, headless=headless)
  File "E:\translate\claw\xhs-auto-traffic-v2\main.py", line 31, in run_collect
    feeds = collector.collect(keyword, limit=limit)
            ^^^^^^^^^^^^^^^^^^^^^^^^^^^^^^^^^^^^^^^
  File "E:\translate\claw\xhs-auto-traffic-v2\core\search_collector.py", line 217, in collect
    self._check_login()
  File "E:\translate\claw\xhs-auto-traffic-v2\core\search_collector.py", line 195, in _check_login
    self.page.screenshot(path="E:/translate/claw/xhs-auto-traffic-v2/debug_login_required.png")
  File "C:\Users\24994\AppData\Roaming\Python\Python311\site-packages\playwright\sync_api\_generated.py", line 9543, in screenshot
    self._sync(
  File "C:\Users\24994\AppData\Roaming\Python\Python311\site-packages\playwright\_impl\_sync_base.py", line 115, in _sync
    return task.result()
           ^^^^^^^^^^^^^
  File "C:\Users\24994\AppData\Roaming\Python\Python311\site-packages\playwright\_impl\_page.py", line 739, in screenshot
    encoded_binary = await self._channel.send("screenshot", params)
                     ^^^^^^^^^^^^^^^^^^^^^^^^^^^^^^^^^^^^^^^^^^^^^^
  File "C:\Users\24994\AppData\Roaming\Python\Python311\site-packages\playwright\_impl\_connection.py", line 59, in send
    return await self._connection.wrap_api_call(
           ^^^^^^^^^^^^^^^^^^^^^^^^^^^^^^^^^^^^^
  File "C:\Users\24994\AppData\Roaming\Python\Python311\site-packages\playwright\_impl\_connection.py", line 514, in wrap_api_call
    raise rewrite_error(error, f"{parsed_st['apiName']}: {error}") from None
playwright._impl._errors.Error: Page.screenshot: Target crashed 
Call log:
taking page screenshot
  - waiting for fonts to load...
  - fonts loaded

