关键词: 深圳到汕尾自驾住哪
分组: longtail
开始时间: 2026-05-01 03:00:27
耗时: 54.6s
超时: 否
成功: 否

=== STDOUT ===
[02:59:35.178] [SearchColl] goto: 小红书首页
[02:59:44.390] [SearchColl] 搜索框已fill: 深圳到汕尾自驾住哪
[02:59:45.300] [SearchColl] 按回车触发搜索
[02:59:50.624] [SearchColl] 搜索结果页面加载完成
[02:59:50.669] [SearchColl] 登录检测通过
[02:59:55.686] [SearchColl] 笔记列表出现
[02:59:55.686] [SearchColl] 点击筛选: 最新 + 一周内

=== STDERR ===
Traceback (most recent call last):
  File "E:\translate\claw\xhs-auto-traffic-v2\main.py", line 161, in <module>
    main()
  File "E:\translate\claw\xhs-auto-traffic-v2\main.py", line 157, in main
    run_collect(args.keyword, args.limit, headless=headless)
  File "E:\translate\claw\xhs-auto-traffic-v2\main.py", line 31, in run_collect
    feeds = collector.collect(keyword, limit=limit)
            ^^^^^^^^^^^^^^^^^^^^^^^^^^^^^^^^^^^^^^^
  File "E:\translate\claw\xhs-auto-traffic-v2\core\search_collector.py", line 279, in collect
    filter_helper.click_filter("最新", "一周内")
  File "E:\translate\claw\xhs-auto-traffic-v2\core\search_collector.py", line 95, in click_filter
    self.page.hover(".filter")
  File "C:\Users\24994\AppData\Roaming\Python\Python311\site-packages\playwright\sync_api\_generated.py", line 10694, in hover
    self._sync(
  File "C:\Users\24994\AppData\Roaming\Python\Python311\site-packages\playwright\_impl\_sync_base.py", line 115, in _sync
    return task.result()
           ^^^^^^^^^^^^^
  File "C:\Users\24994\AppData\Roaming\Python\Python311\site-packages\playwright\_impl\_page.py", line 927, in hover
    return await self._main_frame.hover(**locals_to_params(locals()))
           ^^^^^^^^^^^^^^^^^^^^^^^^^^^^^^^^^^^^^^^^^^^^^^^^^^^^^^^^^^
  File "C:\Users\24994\AppData\Roaming\Python\Python311\site-packages\playwright\_impl\_frame.py", line 641, in hover
    await self._channel.send("hover", locals_to_params(locals()))
  File "C:\Users\24994\AppData\Roaming\Python\Python311\site-packages\playwright\_impl\_connection.py", line 59, in send
    return await self._connection.wrap_api_call(
           ^^^^^^^^^^^^^^^^^^^^^^^^^^^^^^^^^^^^^
  File "C:\Users\24994\AppData\Roaming\Python\Python311\site-packages\playwright\_impl\_connection.py", line 514, in wrap_api_call
    raise rewrite_error(error, f"{parsed_st['apiName']}: {error}") from None
playwright._impl._errors.TimeoutError: Page.hover: Timeout 30000ms exceeded.
Call log:
waiting for locator(".filter")

